INFO - 2024-05-28 07:03:00 --> Session: Class initialized using 'CodeIgniter\Session\Handlers\FileHandler' driver.
INFO - 2024-05-28 07:03:04 --> Session: Class initialized using 'CodeIgniter\Session\Handlers\FileHandler' driver.
INFO - 2024-05-28 07:03:05 --> Session: Class initialized using 'CodeIgniter\Session\Handlers\FileHandler' driver.
INFO - 2024-05-28 07:03:08 --> Session: Class initialized using 'CodeIgniter\Session\Handlers\FileHandler' driver.
INFO - 2024-05-28 07:04:46 --> Session: Class initialized using 'CodeIgniter\Session\Handlers\FileHandler' driver.
INFO - 2024-05-28 07:05:18 --> Session: Class initialized using 'CodeIgniter\Session\Handlers\FileHandler' driver.
CRITICAL - 2024-05-28 07:05:19 --> ErrorException: Undefined array key "foto_ijazah"
[Method: POST, Route: formulir]
in APPPATH\Controllers\PpdbController.php on line 67.
 1 APPPATH\Controllers\PpdbController.php(67): CodeIgniter\Debug\Exceptions->errorHandler(2, 'Undefined array key "foto_ijazah"', 'C:\\laragon\\www\\ppdb-lumbung\\app\\Controllers\\PpdbController.php', 67)
 2 SYSTEMPATH\CodeIgniter.php(933): App\Controllers\PpdbController->storeFormulir()
 3 SYSTEMPATH\CodeIgniter.php(509): CodeIgniter\CodeIgniter->runController(Object(App\Controllers\PpdbController))
 4 SYSTEMPATH\CodeIgniter.php(355): CodeIgniter\CodeIgniter->handleRequest(null, Object(Config\Cache), false)
 5 SYSTEMPATH\Boot.php(312): CodeIgniter\CodeIgniter->run()
 6 SYSTEMPATH\Boot.php(67): CodeIgniter\Boot::runCodeIgniter(Object(CodeIgniter\CodeIgniter))
 7 FCPATH\index.php(56): CodeIgniter\Boot::bootWeb(Object(Config\Paths))
INFO - 2024-05-28 07:05:56 --> Session: Class initialized using 'CodeIgniter\Session\Handlers\FileHandler' driver.
INFO - 2024-05-28 07:06:09 --> Session: Class initialized using 'CodeIgniter\Session\Handlers\FileHandler' driver.
CRITICAL - 2024-05-28 07:06:09 --> ErrorException: Undefined array key "foto_ijazah"
[Method: POST, Route: formulir]
in APPPATH\Controllers\PpdbController.php on line 67.
 1 APPPATH\Controllers\PpdbController.php(67): CodeIgniter\Debug\Exceptions->errorHandler(2, 'Undefined array key "foto_ijazah"', 'C:\\laragon\\www\\ppdb-lumbung\\app\\Controllers\\PpdbController.php', 67)
 2 SYSTEMPATH\CodeIgniter.php(933): App\Controllers\PpdbController->storeFormulir()
 3 SYSTEMPATH\CodeIgniter.php(509): CodeIgniter\CodeIgniter->runController(Object(App\Controllers\PpdbController))
 4 SYSTEMPATH\CodeIgniter.php(355): CodeIgniter\CodeIgniter->handleRequest(null, Object(Config\Cache), false)
 5 SYSTEMPATH\Boot.php(312): CodeIgniter\CodeIgniter->run()
 6 SYSTEMPATH\Boot.php(67): CodeIgniter\Boot::runCodeIgniter(Object(CodeIgniter\CodeIgniter))
 7 FCPATH\index.php(56): CodeIgniter\Boot::bootWeb(Object(Config\Paths))
INFO - 2024-05-28 07:07:53 --> Session: Class initialized using 'CodeIgniter\Session\Handlers\FileHandler' driver.
INFO - 2024-05-28 07:08:02 --> Session: Class initialized using 'CodeIgniter\Session\Handlers\FileHandler' driver.
INFO - 2024-05-28 07:08:19 --> Session: Class initialized using 'CodeIgniter\Session\Handlers\FileHandler' driver.
CRITICAL - 2024-05-28 07:08:19 --> ErrorException: unlink(foto-siswa/1716640707_3a03ebde05cc5d64561f.jpg): No such file or directory
[Method: POST, Route: formulir]
in APPPATH\Controllers\PpdbController.php on line 70.
 1 [internal function]: CodeIgniter\Debug\Exceptions->errorHandler(2, 'unlink(foto-siswa/1716640707_3a03ebde05cc5d64561f.jpg): No such file or directory', 'C:\\laragon\\www\\ppdb-lumbung\\app\\Controllers\\PpdbController.php', 70)
 2 APPPATH\Controllers\PpdbController.php(70): unlink('foto-siswa/1716640707_3a03ebde05cc5d64561f.jpg')
 3 SYSTEMPATH\CodeIgniter.php(933): App\Controllers\PpdbController->storeFormulir()
 4 SYSTEMPATH\CodeIgniter.php(509): CodeIgniter\CodeIgniter->runController(Object(App\Controllers\PpdbController))
 5 SYSTEMPATH\CodeIgniter.php(355): CodeIgniter\CodeIgniter->handleRequest(null, Object(Config\Cache), false)
 6 SYSTEMPATH\Boot.php(312): CodeIgniter\CodeIgniter->run()
 7 SYSTEMPATH\Boot.php(67): CodeIgniter\Boot::runCodeIgniter(Object(CodeIgniter\CodeIgniter))
 8 FCPATH\index.php(56): CodeIgniter\Boot::bootWeb(Object(Config\Paths))
INFO - 2024-05-28 07:08:43 --> Session: Class initialized using 'CodeIgniter\Session\Handlers\FileHandler' driver.
INFO - 2024-05-28 07:08:59 --> Session: Class initialized using 'CodeIgniter\Session\Handlers\FileHandler' driver.
CRITICAL - 2024-05-28 07:08:59 --> ErrorException: unlink(foto-siswa/): Is a directory
[Method: POST, Route: formulir]
in APPPATH\Controllers\PpdbController.php on line 70.
 1 [internal function]: CodeIgniter\Debug\Exceptions->errorHandler(2, 'unlink(foto-siswa/): Is a directory', 'C:\\laragon\\www\\ppdb-lumbung\\app\\Controllers\\PpdbController.php', 70)
 2 APPPATH\Controllers\PpdbController.php(70): unlink('foto-siswa/')
 3 SYSTEMPATH\CodeIgniter.php(933): App\Controllers\PpdbController->storeFormulir()
 4 SYSTEMPATH\CodeIgniter.php(509): CodeIgniter\CodeIgniter->runController(Object(App\Controllers\PpdbController))
 5 SYSTEMPATH\CodeIgniter.php(355): CodeIgniter\CodeIgniter->handleRequest(null, Object(Config\Cache), false)
 6 SYSTEMPATH\Boot.php(312): CodeIgniter\CodeIgniter->run()
 7 SYSTEMPATH\Boot.php(67): CodeIgniter\Boot::runCodeIgniter(Object(CodeIgniter\CodeIgniter))
 8 FCPATH\index.php(56): CodeIgniter\Boot::bootWeb(Object(Config\Paths))
INFO - 2024-05-28 07:11:36 --> Session: Class initialized using 'CodeIgniter\Session\Handlers\FileHandler' driver.
INFO - 2024-05-28 07:12:05 --> Session: Class initialized using 'CodeIgniter\Session\Handlers\FileHandler' driver.
INFO - 2024-05-28 07:12:21 --> Session: Class initialized using 'CodeIgniter\Session\Handlers\FileHandler' driver.
ERROR - 2024-05-28 07:12:21 --> mysqli_sql_exception: Unknown column 'foto_ijazah' in 'field list' in C:\laragon\www\ppdb-lumbung\vendor\codeigniter4\framework\system\Database\MySQLi\Connection.php:308
Stack trace:
#0 C:\laragon\www\ppdb-lumbung\vendor\codeigniter4\framework\system\Database\MySQLi\Connection.php(308): mysqli->query('UPDATE `ppdb` S...', 0)
#1 C:\laragon\www\ppdb-lumbung\vendor\codeigniter4\framework\system\Database\BaseConnection.php(722): CodeIgniter\Database\MySQLi\Connection->execute('UPDATE `ppdb` S...')
#2 C:\laragon\www\ppdb-lumbung\vendor\codeigniter4\framework\system\Database\BaseConnection.php(636): CodeIgniter\Database\BaseConnection->simpleQuery('UPDATE `ppdb` S...')
#3 C:\laragon\www\ppdb-lumbung\vendor\codeigniter4\framework\system\Database\BaseBuilder.php(2497): CodeIgniter\Database\BaseConnection->query('UPDATE `ppdb` S...', Array, false)
#4 C:\laragon\www\ppdb-lumbung\vendor\codeigniter4\framework\system\Model.php(450): CodeIgniter\Database\BaseBuilder->update()
#5 C:\laragon\www\ppdb-lumbung\vendor\codeigniter4\framework\system\BaseModel.php(1028): CodeIgniter\Model->doUpdate(Array, Array)
#6 C:\laragon\www\ppdb-lumbung\vendor\codeigniter4\framework\system\Model.php(854): CodeIgniter\BaseModel->update(Array, Array)
#7 C:\laragon\www\ppdb-lumbung\vendor\codeigniter4\framework\system\BaseModel.php(749): CodeIgniter\Model->update('6', Array)
#8 C:\laragon\www\ppdb-lumbung\app\Controllers\PpdbController.php(80): CodeIgniter\BaseModel->save(Array)
#9 C:\laragon\www\ppdb-lumbung\vendor\codeigniter4\framework\system\CodeIgniter.php(933): App\Controllers\PpdbController->storeFormulir()
#10 C:\laragon\www\ppdb-lumbung\vendor\codeigniter4\framework\system\CodeIgniter.php(509): CodeIgniter\CodeIgniter->runController(Object(App\Controllers\PpdbController))
#11 C:\laragon\www\ppdb-lumbung\vendor\codeigniter4\framework\system\CodeIgniter.php(355): CodeIgniter\CodeIgniter->handleRequest(NULL, Object(Config\Cache), false)
#12 C:\laragon\www\ppdb-lumbung\vendor\codeigniter4\framework\system\Boot.php(312): CodeIgniter\CodeIgniter->run()
#13 C:\laragon\www\ppdb-lumbung\vendor\codeigniter4\framework\system\Boot.php(67): CodeIgniter\Boot::runCodeIgniter(Object(CodeIgniter\CodeIgniter))
#14 C:\laragon\www\ppdb-lumbung\public\index.php(56): CodeIgniter\Boot::bootWeb(Object(Config\Paths))
#15 {main}
CRITICAL - 2024-05-28 07:12:21 --> CodeIgniter\Database\Exceptions\DatabaseException: Unknown column 'foto_ijazah' in 'field list'
[Method: POST, Route: formulir]
in SYSTEMPATH\Database\BaseConnection.php on line 676.
 1 SYSTEMPATH\Database\BaseBuilder.php(2497): CodeIgniter\Database\BaseConnection->query('UPDATE `ppdb` SET `nisn` = :nisn:, `nama_lengkap` = :nama_lengkap:, `nama_panggilan` = :nama_panggilan:, `jenis_kelamin` = :jenis_kelamin:, `tanggal_lahir` = :tanggal_lahir:, `tempat_lahir` = :tempat_lahir:, `asal_sekolah` = :asal_sekolah:, `no_telp` = :no_telp:, `kewarganegaraan` = :kewarganegaraan:, `agama` = :agama:, `bahasa` = :bahasa:, `jarak_tempuh` = :jarak_tempuh:, `nama_ayah` = :nama_ayah:, `nama_ibu` = :nama_ibu:, `jumlah_saudara` = :jumlah_saudara:, `anak_ke` = :anak_ke:, `alamat` = :alamat:, `foto_siswa` = :foto_siswa:, `foto_ijazah` = :foto_ijazah:, `updated_at` = :updated_at:
WHERE `ppdb`.`ppdb_id` IN :ppdb.ppdb_id:', [...], false)
 2 SYSTEMPATH\Model.php(450): CodeIgniter\Database\BaseBuilder->update()
 3 SYSTEMPATH\BaseModel.php(1028): CodeIgniter\Model->doUpdate([...], [...])
 4 SYSTEMPATH\Model.php(854): CodeIgniter\BaseModel->update([...], [...])
 5 SYSTEMPATH\BaseModel.php(749): CodeIgniter\Model->update('6', [...])
 6 APPPATH\Controllers\PpdbController.php(80): CodeIgniter\BaseModel->save([...])
 7 SYSTEMPATH\CodeIgniter.php(933): App\Controllers\PpdbController->storeFormulir()
 8 SYSTEMPATH\CodeIgniter.php(509): CodeIgniter\CodeIgniter->runController(Object(App\Controllers\PpdbController))
 9 SYSTEMPATH\CodeIgniter.php(355): CodeIgniter\CodeIgniter->handleRequest(null, Object(Config\Cache), false)
10 SYSTEMPATH\Boot.php(312): CodeIgniter\CodeIgniter->run()
11 SYSTEMPATH\Boot.php(67): CodeIgniter\Boot::runCodeIgniter(Object(CodeIgniter\CodeIgniter))
12 FCPATH\index.php(56): CodeIgniter\Boot::bootWeb(Object(Config\Paths))
CRITICAL - 2024-05-28 07:12:21 --> [Caused by] CodeIgniter\Database\Exceptions\DatabaseException: Unknown column 'foto_ijazah' in 'field list'
in SYSTEMPATH\Database\MySQLi\Connection.php on line 313.
 1 SYSTEMPATH\Database\BaseConnection.php(722): CodeIgniter\Database\MySQLi\Connection->execute('UPDATE `ppdb` SET `nisn` = \'9289388\', `nama_lengkap` = \'Kamila edit\', `nama_panggilan` = \'sfkjsjk\', `jenis_kelamin` = \'L\', `tanggal_lahir` = \'2004-10-25\', `tempat_lahir` = \'Tasikmalaya\', `asal_sekolah` = \'Duka\', `no_telp` = \'08293892\', `kewarganegaraan` = \'I\', `agama` = \'Islam\', `bahasa` = \'Sunda\', `jarak_tempuh` = \'100\', `nama_ayah` = \'ksjfk\', `nama_ibu` = \'jskjfk\', `jumlah_saudara` = \'88\', `anak_ke` = \'198\', `alamat` = \'fjksjkfjs\', `foto_siswa` = \'1716855141_b00fab9c2a931ba01500.jpg\', `foto_ijazah` = NULL, `updated_at` = \'2024-05-28 07:12:21\'
WHERE `ppdb`.`ppdb_id` IN (\'6\')')
 2 SYSTEMPATH\Database\BaseConnection.php(636): CodeIgniter\Database\BaseConnection->simpleQuery('UPDATE `ppdb` SET `nisn` = \'9289388\', `nama_lengkap` = \'Kamila edit\', `nama_panggilan` = \'sfkjsjk\', `jenis_kelamin` = \'L\', `tanggal_lahir` = \'2004-10-25\', `tempat_lahir` = \'Tasikmalaya\', `asal_sekolah` = \'Duka\', `no_telp` = \'08293892\', `kewarganegaraan` = \'I\', `agama` = \'Islam\', `bahasa` = \'Sunda\', `jarak_tempuh` = \'100\', `nama_ayah` = \'ksjfk\', `nama_ibu` = \'jskjfk\', `jumlah_saudara` = \'88\', `anak_ke` = \'198\', `alamat` = \'fjksjkfjs\', `foto_siswa` = \'1716855141_b00fab9c2a931ba01500.jpg\', `foto_ijazah` = NULL, `updated_at` = \'2024-05-28 07:12:21\'
WHERE `ppdb`.`ppdb_id` IN (\'6\')')
 3 SYSTEMPATH\Database\BaseBuilder.php(2497): CodeIgniter\Database\BaseConnection->query('UPDATE `ppdb` SET `nisn` = :nisn:, `nama_lengkap` = :nama_lengkap:, `nama_panggilan` = :nama_panggilan:, `jenis_kelamin` = :jenis_kelamin:, `tanggal_lahir` = :tanggal_lahir:, `tempat_lahir` = :tempat_lahir:, `asal_sekolah` = :asal_sekolah:, `no_telp` = :no_telp:, `kewarganegaraan` = :kewarganegaraan:, `agama` = :agama:, `bahasa` = :bahasa:, `jarak_tempuh` = :jarak_tempuh:, `nama_ayah` = :nama_ayah:, `nama_ibu` = :nama_ibu:, `jumlah_saudara` = :jumlah_saudara:, `anak_ke` = :anak_ke:, `alamat` = :alamat:, `foto_siswa` = :foto_siswa:, `foto_ijazah` = :foto_ijazah:, `updated_at` = :updated_at:
WHERE `ppdb`.`ppdb_id` IN :ppdb.ppdb_id:', [...], false)
 4 SYSTEMPATH\Model.php(450): CodeIgniter\Database\BaseBuilder->update()
 5 SYSTEMPATH\BaseModel.php(1028): CodeIgniter\Model->doUpdate([...], [...])
 6 SYSTEMPATH\Model.php(854): CodeIgniter\BaseModel->update([...], [...])
 7 SYSTEMPATH\BaseModel.php(749): CodeIgniter\Model->update('6', [...])
 8 APPPATH\Controllers\PpdbController.php(80): CodeIgniter\BaseModel->save([...])
 9 SYSTEMPATH\CodeIgniter.php(933): App\Controllers\PpdbController->storeFormulir()
10 SYSTEMPATH\CodeIgniter.php(509): CodeIgniter\CodeIgniter->runController(Object(App\Controllers\PpdbController))
11 SYSTEMPATH\CodeIgniter.php(355): CodeIgniter\CodeIgniter->handleRequest(null, Object(Config\Cache), false)
12 SYSTEMPATH\Boot.php(312): CodeIgniter\CodeIgniter->run()
13 SYSTEMPATH\Boot.php(67): CodeIgniter\Boot::runCodeIgniter(Object(CodeIgniter\CodeIgniter))
14 FCPATH\index.php(56): CodeIgniter\Boot::bootWeb(Object(Config\Paths))
CRITICAL - 2024-05-28 07:12:21 --> [Caused by] mysqli_sql_exception: Unknown column 'foto_ijazah' in 'field list'
in SYSTEMPATH\Database\MySQLi\Connection.php on line 308.
 1 SYSTEMPATH\Database\MySQLi\Connection.php(308): mysqli->query('UPDATE `ppdb` SET `nisn` = \'9289388\', `nama_lengkap` = \'Kamila edit\', `nama_panggilan` = \'sfkjsjk\', `jenis_kelamin` = \'L\', `tanggal_lahir` = \'2004-10-25\', `tempat_lahir` = \'Tasikmalaya\', `asal_sekolah` = \'Duka\', `no_telp` = \'08293892\', `kewarganegaraan` = \'I\', `agama` = \'Islam\', `bahasa` = \'Sunda\', `jarak_tempuh` = \'100\', `nama_ayah` = \'ksjfk\', `nama_ibu` = \'jskjfk\', `jumlah_saudara` = \'88\', `anak_ke` = \'198\', `alamat` = \'fjksjkfjs\', `foto_siswa` = \'1716855141_b00fab9c2a931ba01500.jpg\', `foto_ijazah` = NULL, `updated_at` = \'2024-05-28 07:12:21\'
WHERE `ppdb`.`ppdb_id` IN (\'6\')', 0)
 2 SYSTEMPATH\Database\BaseConnection.php(722): CodeIgniter\Database\MySQLi\Connection->execute('UPDATE `ppdb` SET `nisn` = \'9289388\', `nama_lengkap` = \'Kamila edit\', `nama_panggilan` = \'sfkjsjk\', `jenis_kelamin` = \'L\', `tanggal_lahir` = \'2004-10-25\', `tempat_lahir` = \'Tasikmalaya\', `asal_sekolah` = \'Duka\', `no_telp` = \'08293892\', `kewarganegaraan` = \'I\', `agama` = \'Islam\', `bahasa` = \'Sunda\', `jarak_tempuh` = \'100\', `nama_ayah` = \'ksjfk\', `nama_ibu` = \'jskjfk\', `jumlah_saudara` = \'88\', `anak_ke` = \'198\', `alamat` = \'fjksjkfjs\', `foto_siswa` = \'1716855141_b00fab9c2a931ba01500.jpg\', `foto_ijazah` = NULL, `updated_at` = \'2024-05-28 07:12:21\'
WHERE `ppdb`.`ppdb_id` IN (\'6\')')
 3 SYSTEMPATH\Database\BaseConnection.php(636): CodeIgniter\Database\BaseConnection->simpleQuery('UPDATE `ppdb` SET `nisn` = \'9289388\', `nama_lengkap` = \'Kamila edit\', `nama_panggilan` = \'sfkjsjk\', `jenis_kelamin` = \'L\', `tanggal_lahir` = \'2004-10-25\', `tempat_lahir` = \'Tasikmalaya\', `asal_sekolah` = \'Duka\', `no_telp` = \'08293892\', `kewarganegaraan` = \'I\', `agama` = \'Islam\', `bahasa` = \'Sunda\', `jarak_tempuh` = \'100\', `nama_ayah` = \'ksjfk\', `nama_ibu` = \'jskjfk\', `jumlah_saudara` = \'88\', `anak_ke` = \'198\', `alamat` = \'fjksjkfjs\', `foto_siswa` = \'1716855141_b00fab9c2a931ba01500.jpg\', `foto_ijazah` = NULL, `updated_at` = \'2024-05-28 07:12:21\'
WHERE `ppdb`.`ppdb_id` IN (\'6\')')
 4 SYSTEMPATH\Database\BaseBuilder.php(2497): CodeIgniter\Database\BaseConnection->query('UPDATE `ppdb` SET `nisn` = :nisn:, `nama_lengkap` = :nama_lengkap:, `nama_panggilan` = :nama_panggilan:, `jenis_kelamin` = :jenis_kelamin:, `tanggal_lahir` = :tanggal_lahir:, `tempat_lahir` = :tempat_lahir:, `asal_sekolah` = :asal_sekolah:, `no_telp` = :no_telp:, `kewarganegaraan` = :kewarganegaraan:, `agama` = :agama:, `bahasa` = :bahasa:, `jarak_tempuh` = :jarak_tempuh:, `nama_ayah` = :nama_ayah:, `nama_ibu` = :nama_ibu:, `jumlah_saudara` = :jumlah_saudara:, `anak_ke` = :anak_ke:, `alamat` = :alamat:, `foto_siswa` = :foto_siswa:, `foto_ijazah` = :foto_ijazah:, `updated_at` = :updated_at:
WHERE `ppdb`.`ppdb_id` IN :ppdb.ppdb_id:', [...], false)
 5 SYSTEMPATH\Model.php(450): CodeIgniter\Database\BaseBuilder->update()
 6 SYSTEMPATH\BaseModel.php(1028): CodeIgniter\Model->doUpdate([...], [...])
 7 SYSTEMPATH\Model.php(854): CodeIgniter\BaseModel->update([...], [...])
 8 SYSTEMPATH\BaseModel.php(749): CodeIgniter\Model->update('6', [...])
 9 APPPATH\Controllers\PpdbController.php(80): CodeIgniter\BaseModel->save([...])
10 SYSTEMPATH\CodeIgniter.php(933): App\Controllers\PpdbController->storeFormulir()
11 SYSTEMPATH\CodeIgniter.php(509): CodeIgniter\CodeIgniter->runController(Object(App\Controllers\PpdbController))
12 SYSTEMPATH\CodeIgniter.php(355): CodeIgniter\CodeIgniter->handleRequest(null, Object(Config\Cache), false)
13 SYSTEMPATH\Boot.php(312): CodeIgniter\CodeIgniter->run()
14 SYSTEMPATH\Boot.php(67): CodeIgniter\Boot::runCodeIgniter(Object(CodeIgniter\CodeIgniter))
15 FCPATH\index.php(56): CodeIgniter\Boot::bootWeb(Object(Config\Paths))
INFO - 2024-05-28 07:12:27 --> Session: Class initialized using 'CodeIgniter\Session\Handlers\FileHandler' driver.
INFO - 2024-05-28 07:12:52 --> Session: Class initialized using 'CodeIgniter\Session\Handlers\FileHandler' driver.
INFO - 2024-05-28 07:12:52 --> Session: Class initialized using 'CodeIgniter\Session\Handlers\FileHandler' driver.
INFO - 2024-05-28 07:13:25 --> Session: Class initialized using 'CodeIgniter\Session\Handlers\FileHandler' driver.
INFO - 2024-05-28 07:13:26 --> Session: Class initialized using 'CodeIgniter\Session\Handlers\FileHandler' driver.
INFO - 2024-05-28 07:14:04 --> Session: Class initialized using 'CodeIgniter\Session\Handlers\FileHandler' driver.
INFO - 2024-05-28 07:14:04 --> Session: Class initialized using 'CodeIgniter\Session\Handlers\FileHandler' driver.
INFO - 2024-05-28 07:14:35 --> Session: Class initialized using 'CodeIgniter\Session\Handlers\FileHandler' driver.
INFO - 2024-05-28 07:14:35 --> Session: Class initialized using 'CodeIgniter\Session\Handlers\FileHandler' driver.
INFO - 2024-05-28 07:14:40 --> Session: Class initialized using 'CodeIgniter\Session\Handlers\FileHandler' driver.
INFO - 2024-05-28 07:14:45 --> Session: Class initialized using 'CodeIgniter\Session\Handlers\FileHandler' driver.
INFO - 2024-05-28 07:15:29 --> Session: Class initialized using 'CodeIgniter\Session\Handlers\FileHandler' driver.
INFO - 2024-05-28 07:16:20 --> Session: Class initialized using 'CodeIgniter\Session\Handlers\FileHandler' driver.
INFO - 2024-05-28 07:16:20 --> Session: Class initialized using 'CodeIgniter\Session\Handlers\FileHandler' driver.
INFO - 2024-05-28 07:17:27 --> Session: Class initialized using 'CodeIgniter\Session\Handlers\FileHandler' driver.
INFO - 2024-05-28 07:17:49 --> Session: Class initialized using 'CodeIgniter\Session\Handlers\FileHandler' driver.
INFO - 2024-05-28 07:17:50 --> Session: Class initialized using 'CodeIgniter\Session\Handlers\FileHandler' driver.
INFO - 2024-05-28 07:17:56 --> Session: Class initialized using 'CodeIgniter\Session\Handlers\FileHandler' driver.
INFO - 2024-05-28 07:18:00 --> Session: Class initialized using 'CodeIgniter\Session\Handlers\FileHandler' driver.
INFO - 2024-05-28 07:18:00 --> Session: Class initialized using 'CodeIgniter\Session\Handlers\FileHandler' driver.
INFO - 2024-05-28 07:18:03 --> Session: Class initialized using 'CodeIgniter\Session\Handlers\FileHandler' driver.
INFO - 2024-05-28 07:18:33 --> Session: Class initialized using 'CodeIgniter\Session\Handlers\FileHandler' driver.
INFO - 2024-05-28 07:19:50 --> Session: Class initialized using 'CodeIgniter\Session\Handlers\FileHandler' driver.
INFO - 2024-05-28 07:20:48 --> Session: Class initialized using 'CodeIgniter\Session\Handlers\FileHandler' driver.
INFO - 2024-05-28 07:20:50 --> Session: Class initialized using 'CodeIgniter\Session\Handlers\FileHandler' driver.
INFO - 2024-05-28 07:22:35 --> Session: Class initialized using 'CodeIgniter\Session\Handlers\FileHandler' driver.
INFO - 2024-05-28 07:25:03 --> Session: Class initialized using 'CodeIgniter\Session\Handlers\FileHandler' driver.
INFO - 2024-05-28 07:25:03 --> Session: Class initialized using 'CodeIgniter\Session\Handlers\FileHandler' driver.
INFO - 2024-05-28 07:27:45 --> Session: Class initialized using 'CodeIgniter\Session\Handlers\FileHandler' driver.
INFO - 2024-05-28 07:28:03 --> Session: Class initialized using 'CodeIgniter\Session\Handlers\FileHandler' driver.
INFO - 2024-05-28 07:28:31 --> Session: Class initialized using 'CodeIgniter\Session\Handlers\FileHandler' driver.
INFO - 2024-05-28 07:44:44 --> Session: Class initialized using 'CodeIgniter\Session\Handlers\FileHandler' driver.
INFO - 2024-05-28 07:48:18 --> Session: Class initialized using 'CodeIgniter\Session\Handlers\FileHandler' driver.
INFO - 2024-05-28 07:52:10 --> Session: Class initialized using 'CodeIgniter\Session\Handlers\FileHandler' driver.
INFO - 2024-05-28 07:52:12 --> Session: Class initialized using 'CodeIgniter\Session\Handlers\FileHandler' driver.
INFO - 2024-05-28 07:52:13 --> Session: Class initialized using 'CodeIgniter\Session\Handlers\FileHandler' driver.
INFO - 2024-05-28 07:52:23 --> Session: Class initialized using 'CodeIgniter\Session\Handlers\FileHandler' driver.
INFO - 2024-05-28 07:54:02 --> Session: Class initialized using 'CodeIgniter\Session\Handlers\FileHandler' driver.
INFO - 2024-05-28 07:54:47 --> Session: Class initialized using 'CodeIgniter\Session\Handlers\FileHandler' driver.
INFO - 2024-05-28 07:55:20 --> Session: Class initialized using 'CodeIgniter\Session\Handlers\FileHandler' driver.
INFO - 2024-05-28 07:56:38 --> Session: Class initialized using 'CodeIgniter\Session\Handlers\FileHandler' driver.
INFO - 2024-05-28 07:56:58 --> Session: Class initialized using 'CodeIgniter\Session\Handlers\FileHandler' driver.
INFO - 2024-05-28 07:57:09 --> Session: Class initialized using 'CodeIgniter\Session\Handlers\FileHandler' driver.
INFO - 2024-05-28 07:58:38 --> Session: Class initialized using 'CodeIgniter\Session\Handlers\FileHandler' driver.
INFO - 2024-05-28 07:59:04 --> Session: Class initialized using 'CodeIgniter\Session\Handlers\FileHandler' driver.
INFO - 2024-05-28 07:59:19 --> Session: Class initialized using 'CodeIgniter\Session\Handlers\FileHandler' driver.
INFO - 2024-05-28 08:00:12 --> Session: Class initialized using 'CodeIgniter\Session\Handlers\FileHandler' driver.
INFO - 2024-05-28 08:00:35 --> Session: Class initialized using 'CodeIgniter\Session\Handlers\FileHandler' driver.
INFO - 2024-05-28 08:03:02 --> Session: Class initialized using 'CodeIgniter\Session\Handlers\FileHandler' driver.
INFO - 2024-05-28 08:03:18 --> Session: Class initialized using 'CodeIgniter\Session\Handlers\FileHandler' driver.
INFO - 2024-05-28 08:04:32 --> Session: Class initialized using 'CodeIgniter\Session\Handlers\FileHandler' driver.
INFO - 2024-05-28 08:04:53 --> Session: Class initialized using 'CodeIgniter\Session\Handlers\FileHandler' driver.
INFO - 2024-05-28 08:05:08 --> Session: Class initialized using 'CodeIgniter\Session\Handlers\FileHandler' driver.
INFO - 2024-05-28 08:05:24 --> Session: Class initialized using 'CodeIgniter\Session\Handlers\FileHandler' driver.
INFO - 2024-05-28 08:05:51 --> Session: Class initialized using 'CodeIgniter\Session\Handlers\FileHandler' driver.
INFO - 2024-05-28 08:06:05 --> Session: Class initialized using 'CodeIgniter\Session\Handlers\FileHandler' driver.
INFO - 2024-05-28 08:06:30 --> Session: Class initialized using 'CodeIgniter\Session\Handlers\FileHandler' driver.
INFO - 2024-05-28 08:08:26 --> Session: Class initialized using 'CodeIgniter\Session\Handlers\FileHandler' driver.
INFO - 2024-05-28 08:08:55 --> Session: Class initialized using 'CodeIgniter\Session\Handlers\FileHandler' driver.
INFO - 2024-05-28 08:09:21 --> Session: Class initialized using 'CodeIgniter\Session\Handlers\FileHandler' driver.
INFO - 2024-05-28 08:09:38 --> Session: Class initialized using 'CodeIgniter\Session\Handlers\FileHandler' driver.
INFO - 2024-05-28 08:09:38 --> Session: Class initialized using 'CodeIgniter\Session\Handlers\FileHandler' driver.
INFO - 2024-05-28 08:10:22 --> Session: Class initialized using 'CodeIgniter\Session\Handlers\FileHandler' driver.
INFO - 2024-05-28 08:10:25 --> Session: Class initialized using 'CodeIgniter\Session\Handlers\FileHandler' driver.
INFO - 2024-05-28 08:10:52 --> Session: Class initialized using 'CodeIgniter\Session\Handlers\FileHandler' driver.
INFO - 2024-05-28 08:11:12 --> Session: Class initialized using 'CodeIgniter\Session\Handlers\FileHandler' driver.
INFO - 2024-05-28 08:11:12 --> Session: Class initialized using 'CodeIgniter\Session\Handlers\FileHandler' driver.
INFO - 2024-05-28 08:11:27 --> Session: Class initialized using 'CodeIgniter\Session\Handlers\FileHandler' driver.
INFO - 2024-05-28 08:11:27 --> Session: Class initialized using 'CodeIgniter\Session\Handlers\FileHandler' driver.
INFO - 2024-05-28 08:11:31 --> Session: Class initialized using 'CodeIgniter\Session\Handlers\FileHandler' driver.
INFO - 2024-05-28 08:11:33 --> Session: Class initialized using 'CodeIgniter\Session\Handlers\FileHandler' driver.
INFO - 2024-05-28 08:11:42 --> Session: Class initialized using 'CodeIgniter\Session\Handlers\FileHandler' driver.
INFO - 2024-05-28 08:11:42 --> Session: Class initialized using 'CodeIgniter\Session\Handlers\FileHandler' driver.
INFO - 2024-05-28 08:11:47 --> Session: Class initialized using 'CodeIgniter\Session\Handlers\FileHandler' driver.
INFO - 2024-05-28 08:11:47 --> Session: Class initialized using 'CodeIgniter\Session\Handlers\FileHandler' driver.
INFO - 2024-05-28 08:11:52 --> Session: Class initialized using 'CodeIgniter\Session\Handlers\FileHandler' driver.
INFO - 2024-05-28 08:11:57 --> Session: Class initialized using 'CodeIgniter\Session\Handlers\FileHandler' driver.
INFO - 2024-05-28 08:12:02 --> Session: Class initialized using 'CodeIgniter\Session\Handlers\FileHandler' driver.
INFO - 2024-05-28 08:12:06 --> Session: Class initialized using 'CodeIgniter\Session\Handlers\FileHandler' driver.
INFO - 2024-05-28 08:12:07 --> Session: Class initialized using 'CodeIgniter\Session\Handlers\FileHandler' driver.
INFO - 2024-05-28 08:12:13 --> Session: Class initialized using 'CodeIgniter\Session\Handlers\FileHandler' driver.
CRITICAL - 2024-05-28 08:12:14 --> ErrorException: Undefined array key "foto_ijazah"
[Method: GET, Route: manajemen-ppdb]
in APPPATH\Views\admin\manajemen-ppdb.php on line 147.
 1 APPPATH\Views\admin\manajemen-ppdb.php(147): CodeIgniter\Debug\Exceptions->errorHandler(2, 'Undefined array key "foto_ijazah"', 'C:\\laragon\\www\\ppdb-lumbung\\app\\Views\\admin\\manajemen-ppdb.php', 147)
 2 SYSTEMPATH\View\View.php(234): include('C:\\laragon\\www\\ppdb-lumbung\\app\\Views\\admin\\manajemen-ppdb.php')
 3 SYSTEMPATH\View\View.php(237): CodeIgniter\View\View->CodeIgniter\View\{closure}()
 4 SYSTEMPATH\Common.php(1171): CodeIgniter\View\View->render('admin/manajemen-ppdb', [], true)
 5 APPPATH\Controllers\ManajemenPpdbController.php(27): view('admin/manajemen-ppdb', [...])
 6 SYSTEMPATH\CodeIgniter.php(933): App\Controllers\ManajemenPpdbController->index()
 7 SYSTEMPATH\CodeIgniter.php(509): CodeIgniter\CodeIgniter->runController(Object(App\Controllers\ManajemenPpdbController))
 8 SYSTEMPATH\CodeIgniter.php(355): CodeIgniter\CodeIgniter->handleRequest(null, Object(Config\Cache), false)
 9 SYSTEMPATH\Boot.php(312): CodeIgniter\CodeIgniter->run()
10 SYSTEMPATH\Boot.php(67): CodeIgniter\Boot::runCodeIgniter(Object(CodeIgniter\CodeIgniter))
11 FCPATH\index.php(56): CodeIgniter\Boot::bootWeb(Object(Config\Paths))
INFO - 2024-05-28 08:15:09 --> Session: Class initialized using 'CodeIgniter\Session\Handlers\FileHandler' driver.
CRITICAL - 2024-05-28 08:15:09 --> ErrorException: Undefined array key "foto_ijazah"
[Method: GET, Route: manajemen-ppdb]
in APPPATH\Views\admin\manajemen-ppdb.php on line 147.
 1 APPPATH\Views\admin\manajemen-ppdb.php(147): CodeIgniter\Debug\Exceptions->errorHandler(2, 'Undefined array key "foto_ijazah"', 'C:\\laragon\\www\\ppdb-lumbung\\app\\Views\\admin\\manajemen-ppdb.php', 147)
 2 SYSTEMPATH\View\View.php(234): include('C:\\laragon\\www\\ppdb-lumbung\\app\\Views\\admin\\manajemen-ppdb.php')
 3 SYSTEMPATH\View\View.php(237): CodeIgniter\View\View->CodeIgniter\View\{closure}()
 4 SYSTEMPATH\Common.php(1171): CodeIgniter\View\View->render('admin/manajemen-ppdb', [], true)
 5 APPPATH\Controllers\ManajemenPpdbController.php(27): view('admin/manajemen-ppdb', [...])
 6 SYSTEMPATH\CodeIgniter.php(933): App\Controllers\ManajemenPpdbController->index()
 7 SYSTEMPATH\CodeIgniter.php(509): CodeIgniter\CodeIgniter->runController(Object(App\Controllers\ManajemenPpdbController))
 8 SYSTEMPATH\CodeIgniter.php(355): CodeIgniter\CodeIgniter->handleRequest(null, Object(Config\Cache), false)
 9 SYSTEMPATH\Boot.php(312): CodeIgniter\CodeIgniter->run()
10 SYSTEMPATH\Boot.php(67): CodeIgniter\Boot::runCodeIgniter(Object(CodeIgniter\CodeIgniter))
11 FCPATH\index.php(56): CodeIgniter\Boot::bootWeb(Object(Config\Paths))
INFO - 2024-05-28 08:15:57 --> Session: Class initialized using 'CodeIgniter\Session\Handlers\FileHandler' driver.
INFO - 2024-05-28 08:25:04 --> Session: Class initialized using 'CodeIgniter\Session\Handlers\FileHandler' driver.
INFO - 2024-05-28 08:25:58 --> Session: Class initialized using 'CodeIgniter\Session\Handlers\FileHandler' driver.
INFO - 2024-05-28 08:26:57 --> Session: Class initialized using 'CodeIgniter\Session\Handlers\FileHandler' driver.
INFO - 2024-05-28 08:27:16 --> Session: Class initialized using 'CodeIgniter\Session\Handlers\FileHandler' driver.
INFO - 2024-05-28 08:27:50 --> Session: Class initialized using 'CodeIgniter\Session\Handlers\FileHandler' driver.
INFO - 2024-05-28 08:29:13 --> Session: Class initialized using 'CodeIgniter\Session\Handlers\FileHandler' driver.
INFO - 2024-05-28 08:29:13 --> Session: Class initialized using 'CodeIgniter\Session\Handlers\FileHandler' driver.
INFO - 2024-05-28 08:29:29 --> Session: Class initialized using 'CodeIgniter\Session\Handlers\FileHandler' driver.
INFO - 2024-05-28 08:29:29 --> Session: Class initialized using 'CodeIgniter\Session\Handlers\FileHandler' driver.
INFO - 2024-05-28 08:29:47 --> Session: Class initialized using 'CodeIgniter\Session\Handlers\FileHandler' driver.
INFO - 2024-05-28 08:32:29 --> Session: Class initialized using 'CodeIgniter\Session\Handlers\FileHandler' driver.
INFO - 2024-05-28 08:32:30 --> Session: Class initialized using 'CodeIgniter\Session\Handlers\FileHandler' driver.
INFO - 2024-05-28 08:32:36 --> Session: Class initialized using 'CodeIgniter\Session\Handlers\FileHandler' driver.
INFO - 2024-05-28 08:32:42 --> Session: Class initialized using 'CodeIgniter\Session\Handlers\FileHandler' driver.
CRITICAL - 2024-05-28 08:32:43 --> ErrorException: unlink(C:\laragon\www\ppdb-lumbung\writable\debugbar/debugbar_1716858717.471072.json): No such file or directory
[Method: GET, Route: /]
in SYSTEMPATH\Debug\Toolbar\Collectors\History.php on line 82.
 1 [internal function]: CodeIgniter\Debug\Exceptions->errorHandler(2, 'unlink(C:\\laragon\\www\\ppdb-lumbung\\writable\\debugbar/debugbar_1716858717.471072.json): No such file or directory', 'C:\\laragon\\www\\ppdb-lumbung\\vendor\\codeigniter4\\framework\\system\\Debug\\Toolbar\\Collectors\\History.php', 82)
 2 SYSTEMPATH\Debug\Toolbar\Collectors\History.php(82): unlink('C:\\laragon\\www\\ppdb-lumbung\\writable\\debugbar/debugbar_1716858717.471072.json')
 3 SYSTEMPATH\Debug\Toolbar.php(518): CodeIgniter\Debug\Toolbar\Collectors\History->setFiles('1716859962.271026', 20)
 4 SYSTEMPATH\Debug\Toolbar.php(497): CodeIgniter\Debug\Toolbar->format([...], 'html')
 5 APPPATH\Config\Events.php(47): CodeIgniter\Debug\Toolbar->respond()
 6 SYSTEMPATH\Events\Events.php(155): CodeIgniter\Events\Events::Config\{closure}()
 7 SYSTEMPATH\CodeIgniter.php(340): CodeIgniter\Events\Events::trigger('pre_system')
 8 SYSTEMPATH\Boot.php(312): CodeIgniter\CodeIgniter->run()
 9 SYSTEMPATH\Boot.php(67): CodeIgniter\Boot::runCodeIgniter(Object(CodeIgniter\CodeIgniter))
10 FCPATH\index.php(56): CodeIgniter\Boot::bootWeb(Object(Config\Paths))
INFO - 2024-05-28 08:32:45 --> Session: Class initialized using 'CodeIgniter\Session\Handlers\FileHandler' driver.
INFO - 2024-05-28 08:33:02 --> Session: Class initialized using 'CodeIgniter\Session\Handlers\FileHandler' driver.
INFO - 2024-05-28 08:33:02 --> Session: Class initialized using 'CodeIgniter\Session\Handlers\FileHandler' driver.
INFO - 2024-05-28 08:33:05 --> Session: Class initialized using 'CodeIgniter\Session\Handlers\FileHandler' driver.
INFO - 2024-05-28 08:33:05 --> Session: Class initialized using 'CodeIgniter\Session\Handlers\FileHandler' driver.
INFO - 2024-05-28 08:33:12 --> Session: Class initialized using 'CodeIgniter\Session\Handlers\FileHandler' driver.
INFO - 2024-05-28 08:33:15 --> Session: Class initialized using 'CodeIgniter\Session\Handlers\FileHandler' driver.
CRITICAL - 2024-05-28 08:33:15 --> ErrorException: Undefined array key "foto_ijazah"
[Method: GET, Route: cetak-formulir]
in APPPATH\Views\ppdb\cetak.php on line 137.
 1 APPPATH\Views\ppdb\cetak.php(137): CodeIgniter\Debug\Exceptions->errorHandler(2, 'Undefined array key "foto_ijazah"', 'C:\\laragon\\www\\ppdb-lumbung\\app\\Views\\ppdb\\cetak.php', 137)
 2 SYSTEMPATH\View\View.php(234): include('C:\\laragon\\www\\ppdb-lumbung\\app\\Views\\ppdb\\cetak.php')
 3 SYSTEMPATH\View\View.php(237): CodeIgniter\View\View->CodeIgniter\View\{closure}()
 4 SYSTEMPATH\Common.php(1171): CodeIgniter\View\View->render('ppdb/cetak', [], true)
 5 APPPATH\Controllers\PpdbController.php(148): view('ppdb/cetak', [...])
 6 SYSTEMPATH\CodeIgniter.php(933): App\Controllers\PpdbController->cetakFormulir()
 7 SYSTEMPATH\CodeIgniter.php(509): CodeIgniter\CodeIgniter->runController(Object(App\Controllers\PpdbController))
 8 SYSTEMPATH\CodeIgniter.php(355): CodeIgniter\CodeIgniter->handleRequest(null, Object(Config\Cache), false)
 9 SYSTEMPATH\Boot.php(312): CodeIgniter\CodeIgniter->run()
10 SYSTEMPATH\Boot.php(67): CodeIgniter\Boot::runCodeIgniter(Object(CodeIgniter\CodeIgniter))
11 FCPATH\index.php(56): CodeIgniter\Boot::bootWeb(Object(Config\Paths))
INFO - 2024-05-28 08:33:32 --> Session: Class initialized using 'CodeIgniter\Session\Handlers\FileHandler' driver.
CRITICAL - 2024-05-28 08:33:33 --> ErrorException: getimagesize(file://C:\laragon\www\ppdb-lumbung\public\foto-siswa): Failed to open stream: Permission denied
[Method: GET, Route: cetak-formulir]
in VENDORPATH\dompdf\dompdf\src\Helpers.php on line 765.
 1 [internal function]: CodeIgniter\Debug\Exceptions->errorHandler(2, 'getimagesize(file://C:\\laragon\\www\\ppdb-lumbung\\public\\foto-siswa): Failed to open stream: Permission denied', 'C:\\laragon\\www\\ppdb-lumbung\\vendor\\dompdf\\dompdf\\src\\Helpers.php', 765)
 2 VENDORPATH\dompdf\dompdf\src\Helpers.php(765): getimagesize('file://C:\\laragon\\www\\ppdb-lumbung\\public\\foto-siswa')
 3 VENDORPATH\dompdf\dompdf\src\Image\Cache.php(132): Dompdf\Helpers::dompdf_getimagesize('file://C:\\laragon\\www\\ppdb-lumbung\\public\\foto-siswa', resource (stream-context))
 4 VENDORPATH\dompdf\dompdf\src\FrameDecorator\Image.php(55): Dompdf\Image\Cache::resolve_url('foto-siswa/', 'file://', '', '', Object(Dompdf\Options))
 5 VENDORPATH\dompdf\dompdf\src\Frame\Factory.php(198): Dompdf\FrameDecorator\Image->__construct(Object(Dompdf\Frame), Object(Dompdf\Dompdf))
 6 VENDORPATH\dompdf\dompdf\src\Dompdf.php(774): Dompdf\Frame\Factory::decorate_frame(Object(Dompdf\Frame), Object(Dompdf\Dompdf), Object(Dompdf\FrameDecorator\Page))
 7 APPPATH\Controllers\PpdbController.php(154): Dompdf\Dompdf->render()
 8 SYSTEMPATH\CodeIgniter.php(933): App\Controllers\PpdbController->cetakFormulir()
 9 SYSTEMPATH\CodeIgniter.php(509): CodeIgniter\CodeIgniter->runController(Object(App\Controllers\PpdbController))
10 SYSTEMPATH\CodeIgniter.php(355): CodeIgniter\CodeIgniter->handleRequest(null, Object(Config\Cache), false)
11 SYSTEMPATH\Boot.php(312): CodeIgniter\CodeIgniter->run()
12 SYSTEMPATH\Boot.php(67): CodeIgniter\Boot::runCodeIgniter(Object(CodeIgniter\CodeIgniter))
13 FCPATH\index.php(56): CodeIgniter\Boot::bootWeb(Object(Config\Paths))
CRITICAL - 2024-05-28 08:33:39 --> ErrorException: Allowed memory size of 536870912 bytes exhausted (tried to allocate 262148096 bytes)
【Previous Exception】
ErrorException
getimagesize(file://C:\laragon\www\ppdb-lumbung\public\foto-siswa): Failed to open stream: Permission denied
#0 [internal function]: CodeIgniter\Debug\Exceptions->errorHandler(2, 'getimagesize(fi...', 'C:\\laragon\\www\\...', 765)
#1 C:\laragon\www\ppdb-lumbung\vendor\dompdf\dompdf\src\Helpers.php(765): getimagesize('file://C:\\larag...')
#2 C:\laragon\www\ppdb-lumbung\vendor\dompdf\dompdf\src\Image\Cache.php(132): Dompdf\Helpers::dompdf_getimagesize('file://C:\\larag...', Resource id #156)
#3 C:\laragon\www\ppdb-lumbung\vendor\dompdf\dompdf\src\FrameDecorator\Image.php(55): Dompdf\Image\Cache::resolve_url('foto-siswa/', 'file://', '', '', Object(Dompdf\Options))
#4 C:\laragon\www\ppdb-lumbung\vendor\dompdf\dompdf\src\Frame\Factory.php(198): Dompdf\FrameDecorator\Image->__construct(Object(Dompdf\Frame), Object(Dompdf\Dompdf))
#5 C:\laragon\www\ppdb-lumbung\vendor\dompdf\dompdf\src\Dompdf.php(774): Dompdf\Frame\Factory::decorate_frame(Object(Dompdf\Frame), Object(Dompdf\Dompdf), Object(Dompdf\FrameDecorator\Page))
#6 C:\laragon\www\ppdb-lumbung\app\Controllers\PpdbController.php(154): Dompdf\Dompdf->render()
#7 C:\laragon\www\ppdb-lumbung\vendor\codeigniter4\framework\system\CodeIgniter.php(933): App\Controllers\PpdbController->cetakFormulir()
#8 C:\laragon\www\ppdb-lumbung\vendor\codeigniter4\framework\system\CodeIgniter.php(509): CodeIgniter\CodeIgniter->runController(Object(App\Controllers\PpdbController))
#9 C:\laragon\www\ppdb-lumbung\vendor\codeigniter4\framework\system\CodeIgniter.php(355): CodeIgniter\CodeIgniter->handleRequest(NULL, Object(Config\Cache), false)
#10 C:\laragon\www\ppdb-lumbung\vendor\codeigniter4\framework\system\Boot.php(312): CodeIgniter\CodeIgniter->run()
#11 C:\laragon\www\ppdb-lumbung\vendor\codeigniter4\framework\system\Boot.php(67): CodeIgniter\Boot::runCodeIgniter(Object(CodeIgniter\CodeIgniter))
#12 C:\laragon\www\ppdb-lumbung\public\index.php(56): CodeIgniter\Boot::bootWeb(Object(Config\Paths))
#13 {main}
[Method: GET, Route: cetak-formulir]
in APPPATH\Views\errors\html\error_exception.php on line 132.
 1 [internal function]: CodeIgniter\Debug\Exceptions->shutdownHandler()
INFO - 2024-05-28 08:33:39 --> Session: Class initialized using 'CodeIgniter\Session\Handlers\FileHandler' driver.
INFO - 2024-05-28 08:33:41 --> Session: Class initialized using 'CodeIgniter\Session\Handlers\FileHandler' driver.
CRITICAL - 2024-05-28 08:33:41 --> ErrorException: getimagesize(file://C:\laragon\www\ppdb-lumbung\public\foto-siswa): Failed to open stream: Permission denied
[Method: GET, Route: cetak-formulir]
in VENDORPATH\dompdf\dompdf\src\Helpers.php on line 765.
 1 [internal function]: CodeIgniter\Debug\Exceptions->errorHandler(2, 'getimagesize(file://C:\\laragon\\www\\ppdb-lumbung\\public\\foto-siswa): Failed to open stream: Permission denied', 'C:\\laragon\\www\\ppdb-lumbung\\vendor\\dompdf\\dompdf\\src\\Helpers.php', 765)
 2 VENDORPATH\dompdf\dompdf\src\Helpers.php(765): getimagesize('file://C:\\laragon\\www\\ppdb-lumbung\\public\\foto-siswa')
 3 VENDORPATH\dompdf\dompdf\src\Image\Cache.php(132): Dompdf\Helpers::dompdf_getimagesize('file://C:\\laragon\\www\\ppdb-lumbung\\public\\foto-siswa', resource (stream-context))
 4 VENDORPATH\dompdf\dompdf\src\FrameDecorator\Image.php(55): Dompdf\Image\Cache::resolve_url('foto-siswa/', 'file://', '', '', Object(Dompdf\Options))
 5 VENDORPATH\dompdf\dompdf\src\Frame\Factory.php(198): Dompdf\FrameDecorator\Image->__construct(Object(Dompdf\Frame), Object(Dompdf\Dompdf))
 6 VENDORPATH\dompdf\dompdf\src\Dompdf.php(774): Dompdf\Frame\Factory::decorate_frame(Object(Dompdf\Frame), Object(Dompdf\Dompdf), Object(Dompdf\FrameDecorator\Page))
 7 APPPATH\Controllers\PpdbController.php(154): Dompdf\Dompdf->render()
 8 SYSTEMPATH\CodeIgniter.php(933): App\Controllers\PpdbController->cetakFormulir()
 9 SYSTEMPATH\CodeIgniter.php(509): CodeIgniter\CodeIgniter->runController(Object(App\Controllers\PpdbController))
10 SYSTEMPATH\CodeIgniter.php(355): CodeIgniter\CodeIgniter->handleRequest(null, Object(Config\Cache), false)
11 SYSTEMPATH\Boot.php(312): CodeIgniter\CodeIgniter->run()
12 SYSTEMPATH\Boot.php(67): CodeIgniter\Boot::runCodeIgniter(Object(CodeIgniter\CodeIgniter))
13 FCPATH\index.php(56): CodeIgniter\Boot::bootWeb(Object(Config\Paths))
CRITICAL - 2024-05-28 08:33:46 --> ErrorException: Allowed memory size of 536870912 bytes exhausted (tried to allocate 262148096 bytes)
【Previous Exception】
ErrorException
getimagesize(file://C:\laragon\www\ppdb-lumbung\public\foto-siswa): Failed to open stream: Permission denied
#0 [internal function]: CodeIgniter\Debug\Exceptions->errorHandler(2, 'getimagesize(fi...', 'C:\\laragon\\www\\...', 765)
#1 C:\laragon\www\ppdb-lumbung\vendor\dompdf\dompdf\src\Helpers.php(765): getimagesize('file://C:\\larag...')
#2 C:\laragon\www\ppdb-lumbung\vendor\dompdf\dompdf\src\Image\Cache.php(132): Dompdf\Helpers::dompdf_getimagesize('file://C:\\larag...', Resource id #156)
#3 C:\laragon\www\ppdb-lumbung\vendor\dompdf\dompdf\src\FrameDecorator\Image.php(55): Dompdf\Image\Cache::resolve_url('foto-siswa/', 'file://', '', '', Object(Dompdf\Options))
#4 C:\laragon\www\ppdb-lumbung\vendor\dompdf\dompdf\src\Frame\Factory.php(198): Dompdf\FrameDecorator\Image->__construct(Object(Dompdf\Frame), Object(Dompdf\Dompdf))
#5 C:\laragon\www\ppdb-lumbung\vendor\dompdf\dompdf\src\Dompdf.php(774): Dompdf\Frame\Factory::decorate_frame(Object(Dompdf\Frame), Object(Dompdf\Dompdf), Object(Dompdf\FrameDecorator\Page))
#6 C:\laragon\www\ppdb-lumbung\app\Controllers\PpdbController.php(154): Dompdf\Dompdf->render()
#7 C:\laragon\www\ppdb-lumbung\vendor\codeigniter4\framework\system\CodeIgniter.php(933): App\Controllers\PpdbController->cetakFormulir()
#8 C:\laragon\www\ppdb-lumbung\vendor\codeigniter4\framework\system\CodeIgniter.php(509): CodeIgniter\CodeIgniter->runController(Object(App\Controllers\PpdbController))
#9 C:\laragon\www\ppdb-lumbung\vendor\codeigniter4\framework\system\CodeIgniter.php(355): CodeIgniter\CodeIgniter->handleRequest(NULL, Object(Config\Cache), false)
#10 C:\laragon\www\ppdb-lumbung\vendor\codeigniter4\framework\system\Boot.php(312): CodeIgniter\CodeIgniter->run()
#11 C:\laragon\www\ppdb-lumbung\vendor\codeigniter4\framework\system\Boot.php(67): CodeIgniter\Boot::runCodeIgniter(Object(CodeIgniter\CodeIgniter))
#12 C:\laragon\www\ppdb-lumbung\public\index.php(56): CodeIgniter\Boot::bootWeb(Object(Config\Paths))
#13 {main}
[Method: GET, Route: cetak-formulir]
in APPPATH\Views\errors\html\error_exception.php on line 132.
 1 [internal function]: CodeIgniter\Debug\Exceptions->shutdownHandler()
INFO - 2024-05-28 08:33:52 --> Session: Class initialized using 'CodeIgniter\Session\Handlers\FileHandler' driver.
INFO - 2024-05-28 08:34:04 --> Session: Class initialized using 'CodeIgniter\Session\Handlers\FileHandler' driver.
CRITICAL - 2024-05-28 08:34:04 --> ErrorException: getimagesize(file://C:\laragon\www\ppdb-lumbung\public\foto-siswa): Failed to open stream: Permission denied
[Method: GET, Route: cetak-formulir]
in VENDORPATH\dompdf\dompdf\src\Helpers.php on line 765.
 1 [internal function]: CodeIgniter\Debug\Exceptions->errorHandler(2, 'getimagesize(file://C:\\laragon\\www\\ppdb-lumbung\\public\\foto-siswa): Failed to open stream: Permission denied', 'C:\\laragon\\www\\ppdb-lumbung\\vendor\\dompdf\\dompdf\\src\\Helpers.php', 765)
 2 VENDORPATH\dompdf\dompdf\src\Helpers.php(765): getimagesize('file://C:\\laragon\\www\\ppdb-lumbung\\public\\foto-siswa')
 3 VENDORPATH\dompdf\dompdf\src\Image\Cache.php(132): Dompdf\Helpers::dompdf_getimagesize('file://C:\\laragon\\www\\ppdb-lumbung\\public\\foto-siswa', resource (stream-context))
 4 VENDORPATH\dompdf\dompdf\src\FrameDecorator\Image.php(55): Dompdf\Image\Cache::resolve_url('foto-siswa/', 'file://', '', '', Object(Dompdf\Options))
 5 VENDORPATH\dompdf\dompdf\src\Frame\Factory.php(198): Dompdf\FrameDecorator\Image->__construct(Object(Dompdf\Frame), Object(Dompdf\Dompdf))
 6 VENDORPATH\dompdf\dompdf\src\Dompdf.php(774): Dompdf\Frame\Factory::decorate_frame(Object(Dompdf\Frame), Object(Dompdf\Dompdf), Object(Dompdf\FrameDecorator\Page))
 7 APPPATH\Controllers\PpdbController.php(154): Dompdf\Dompdf->render()
 8 SYSTEMPATH\CodeIgniter.php(933): App\Controllers\PpdbController->cetakFormulir()
 9 SYSTEMPATH\CodeIgniter.php(509): CodeIgniter\CodeIgniter->runController(Object(App\Controllers\PpdbController))
10 SYSTEMPATH\CodeIgniter.php(355): CodeIgniter\CodeIgniter->handleRequest(null, Object(Config\Cache), false)
11 SYSTEMPATH\Boot.php(312): CodeIgniter\CodeIgniter->run()
12 SYSTEMPATH\Boot.php(67): CodeIgniter\Boot::runCodeIgniter(Object(CodeIgniter\CodeIgniter))
13 FCPATH\index.php(56): CodeIgniter\Boot::bootWeb(Object(Config\Paths))
CRITICAL - 2024-05-28 08:34:09 --> ErrorException: Allowed memory size of 536870912 bytes exhausted (tried to allocate 262148096 bytes)
【Previous Exception】
ErrorException
getimagesize(file://C:\laragon\www\ppdb-lumbung\public\foto-siswa): Failed to open stream: Permission denied
#0 [internal function]: CodeIgniter\Debug\Exceptions->errorHandler(2, 'getimagesize(fi...', 'C:\\laragon\\www\\...', 765)
#1 C:\laragon\www\ppdb-lumbung\vendor\dompdf\dompdf\src\Helpers.php(765): getimagesize('file://C:\\larag...')
#2 C:\laragon\www\ppdb-lumbung\vendor\dompdf\dompdf\src\Image\Cache.php(132): Dompdf\Helpers::dompdf_getimagesize('file://C:\\larag...', Resource id #156)
#3 C:\laragon\www\ppdb-lumbung\vendor\dompdf\dompdf\src\FrameDecorator\Image.php(55): Dompdf\Image\Cache::resolve_url('foto-siswa/', 'file://', '', '', Object(Dompdf\Options))
#4 C:\laragon\www\ppdb-lumbung\vendor\dompdf\dompdf\src\Frame\Factory.php(198): Dompdf\FrameDecorator\Image->__construct(Object(Dompdf\Frame), Object(Dompdf\Dompdf))
#5 C:\laragon\www\ppdb-lumbung\vendor\dompdf\dompdf\src\Dompdf.php(774): Dompdf\Frame\Factory::decorate_frame(Object(Dompdf\Frame), Object(Dompdf\Dompdf), Object(Dompdf\FrameDecorator\Page))
#6 C:\laragon\www\ppdb-lumbung\app\Controllers\PpdbController.php(154): Dompdf\Dompdf->render()
#7 C:\laragon\www\ppdb-lumbung\vendor\codeigniter4\framework\system\CodeIgniter.php(933): App\Controllers\PpdbController->cetakFormulir()
#8 C:\laragon\www\ppdb-lumbung\vendor\codeigniter4\framework\system\CodeIgniter.php(509): CodeIgniter\CodeIgniter->runController(Object(App\Controllers\PpdbController))
#9 C:\laragon\www\ppdb-lumbung\vendor\codeigniter4\framework\system\CodeIgniter.php(355): CodeIgniter\CodeIgniter->handleRequest(NULL, Object(Config\Cache), false)
#10 C:\laragon\www\ppdb-lumbung\vendor\codeigniter4\framework\system\Boot.php(312): CodeIgniter\CodeIgniter->run()
#11 C:\laragon\www\ppdb-lumbung\vendor\codeigniter4\framework\system\Boot.php(67): CodeIgniter\Boot::runCodeIgniter(Object(CodeIgniter\CodeIgniter))
#12 C:\laragon\www\ppdb-lumbung\public\index.php(56): CodeIgniter\Boot::bootWeb(Object(Config\Paths))
#13 {main}
[Method: GET, Route: cetak-formulir]
in APPPATH\Views\errors\html\error_exception.php on line 132.
 1 [internal function]: CodeIgniter\Debug\Exceptions->shutdownHandler()
INFO - 2024-05-28 08:34:34 --> Session: Class initialized using 'CodeIgniter\Session\Handlers\FileHandler' driver.
INFO - 2024-05-28 08:35:08 --> Session: Class initialized using 'CodeIgniter\Session\Handlers\FileHandler' driver.
INFO - 2024-05-28 08:35:08 --> Session: Class initialized using 'CodeIgniter\Session\Handlers\FileHandler' driver.
INFO - 2024-05-28 08:35:12 --> Session: Class initialized using 'CodeIgniter\Session\Handlers\FileHandler' driver.
INFO - 2024-05-28 08:35:47 --> Session: Class initialized using 'CodeIgniter\Session\Handlers\FileHandler' driver.
CRITICAL - 2024-05-28 08:35:47 --> ErrorException: getimagesize(file://C:\laragon\www\ppdb-lumbung\public\foto-siswa): Failed to open stream: Permission denied
[Method: GET, Route: cetak-formulir]
in VENDORPATH\dompdf\dompdf\src\Helpers.php on line 765.
 1 [internal function]: CodeIgniter\Debug\Exceptions->errorHandler(2, 'getimagesize(file://C:\\laragon\\www\\ppdb-lumbung\\public\\foto-siswa): Failed to open stream: Permission denied', 'C:\\laragon\\www\\ppdb-lumbung\\vendor\\dompdf\\dompdf\\src\\Helpers.php', 765)
 2 VENDORPATH\dompdf\dompdf\src\Helpers.php(765): getimagesize('file://C:\\laragon\\www\\ppdb-lumbung\\public\\foto-siswa')
 3 VENDORPATH\dompdf\dompdf\src\Image\Cache.php(132): Dompdf\Helpers::dompdf_getimagesize('file://C:\\laragon\\www\\ppdb-lumbung\\public\\foto-siswa', resource (stream-context))
 4 VENDORPATH\dompdf\dompdf\src\FrameDecorator\Image.php(55): Dompdf\Image\Cache::resolve_url('foto-siswa/', 'file://', '', '', Object(Dompdf\Options))
 5 VENDORPATH\dompdf\dompdf\src\Frame\Factory.php(198): Dompdf\FrameDecorator\Image->__construct(Object(Dompdf\Frame), Object(Dompdf\Dompdf))
 6 VENDORPATH\dompdf\dompdf\src\Dompdf.php(774): Dompdf\Frame\Factory::decorate_frame(Object(Dompdf\Frame), Object(Dompdf\Dompdf), Object(Dompdf\FrameDecorator\Page))
 7 APPPATH\Controllers\PpdbController.php(154): Dompdf\Dompdf->render()
 8 SYSTEMPATH\CodeIgniter.php(933): App\Controllers\PpdbController->cetakFormulir()
 9 SYSTEMPATH\CodeIgniter.php(509): CodeIgniter\CodeIgniter->runController(Object(App\Controllers\PpdbController))
10 SYSTEMPATH\CodeIgniter.php(355): CodeIgniter\CodeIgniter->handleRequest(null, Object(Config\Cache), false)
11 SYSTEMPATH\Boot.php(312): CodeIgniter\CodeIgniter->run()
12 SYSTEMPATH\Boot.php(67): CodeIgniter\Boot::runCodeIgniter(Object(CodeIgniter\CodeIgniter))
13 FCPATH\index.php(56): CodeIgniter\Boot::bootWeb(Object(Config\Paths))
CRITICAL - 2024-05-28 08:35:53 --> ErrorException: Allowed memory size of 536870912 bytes exhausted (tried to allocate 262148096 bytes)
【Previous Exception】
ErrorException
getimagesize(file://C:\laragon\www\ppdb-lumbung\public\foto-siswa): Failed to open stream: Permission denied
#0 [internal function]: CodeIgniter\Debug\Exceptions->errorHandler(2, 'getimagesize(fi...', 'C:\\laragon\\www\\...', 765)
#1 C:\laragon\www\ppdb-lumbung\vendor\dompdf\dompdf\src\Helpers.php(765): getimagesize('file://C:\\larag...')
#2 C:\laragon\www\ppdb-lumbung\vendor\dompdf\dompdf\src\Image\Cache.php(132): Dompdf\Helpers::dompdf_getimagesize('file://C:\\larag...', Resource id #156)
#3 C:\laragon\www\ppdb-lumbung\vendor\dompdf\dompdf\src\FrameDecorator\Image.php(55): Dompdf\Image\Cache::resolve_url('foto-siswa/', 'file://', '', '', Object(Dompdf\Options))
#4 C:\laragon\www\ppdb-lumbung\vendor\dompdf\dompdf\src\Frame\Factory.php(198): Dompdf\FrameDecorator\Image->__construct(Object(Dompdf\Frame), Object(Dompdf\Dompdf))
#5 C:\laragon\www\ppdb-lumbung\vendor\dompdf\dompdf\src\Dompdf.php(774): Dompdf\Frame\Factory::decorate_frame(Object(Dompdf\Frame), Object(Dompdf\Dompdf), Object(Dompdf\FrameDecorator\Page))
#6 C:\laragon\www\ppdb-lumbung\app\Controllers\PpdbController.php(154): Dompdf\Dompdf->render()
#7 C:\laragon\www\ppdb-lumbung\vendor\codeigniter4\framework\system\CodeIgniter.php(933): App\Controllers\PpdbController->cetakFormulir()
#8 C:\laragon\www\ppdb-lumbung\vendor\codeigniter4\framework\system\CodeIgniter.php(509): CodeIgniter\CodeIgniter->runController(Object(App\Controllers\PpdbController))
#9 C:\laragon\www\ppdb-lumbung\vendor\codeigniter4\framework\system\CodeIgniter.php(355): CodeIgniter\CodeIgniter->handleRequest(NULL, Object(Config\Cache), false)
#10 C:\laragon\www\ppdb-lumbung\vendor\codeigniter4\framework\system\Boot.php(312): CodeIgniter\CodeIgniter->run()
#11 C:\laragon\www\ppdb-lumbung\vendor\codeigniter4\framework\system\Boot.php(67): CodeIgniter\Boot::runCodeIgniter(Object(CodeIgniter\CodeIgniter))
#12 C:\laragon\www\ppdb-lumbung\public\index.php(56): CodeIgniter\Boot::bootWeb(Object(Config\Paths))
#13 {main}
[Method: GET, Route: cetak-formulir]
in APPPATH\Views\errors\html\error_exception.php on line 132.
 1 [internal function]: CodeIgniter\Debug\Exceptions->shutdownHandler()
INFO - 2024-05-28 08:36:13 --> Session: Class initialized using 'CodeIgniter\Session\Handlers\FileHandler' driver.
INFO - 2024-05-28 08:36:14 --> Session: Class initialized using 'CodeIgniter\Session\Handlers\FileHandler' driver.
INFO - 2024-05-28 09:31:34 --> Session: Class initialized using 'CodeIgniter\Session\Handlers\FileHandler' driver.
