ERROR - 2025-07-24 13:21:09 --> Error connecting to the database: mysqli_sql_exception: Unknown database 'ppdb_rancah' in /Applications/XAMPP/xamppfiles/htdocs/ppdb-rancah/vendor/codeigniter4/framework/system/Database/MySQLi/Connection.php:186
Stack trace:
#0 /Applications/XAMPP/xamppfiles/htdocs/ppdb-rancah/vendor/codeigniter4/framework/system/Database/MySQLi/Connection.php(186): mysqli->real_connect('127.0.0.1', 'root', Object(SensitiveParameterValue), 'ppdb_rancah', 3306, '', 0)
#1 /Applications/XAMPP/xamppfiles/htdocs/ppdb-rancah/vendor/codeigniter4/framework/system/Database/BaseConnection.php(421): CodeIgniter\Database\MySQLi\Connection->connect(false)
#2 /Applications/XAMPP/xamppfiles/htdocs/ppdb-rancah/vendor/codeigniter4/framework/system/Database/BaseConnection.php(604): CodeIgniter\Database\BaseConnection->initialize()
#3 /Applications/XAMPP/xamppfiles/htdocs/ppdb-rancah/vendor/codeigniter4/framework/system/Database/BaseConnection.php(1471): CodeIgniter\Database\BaseConnection->query('SHOW TABLES FRO...')
#4 /Applications/XAMPP/xamppfiles/htdocs/ppdb-rancah/vendor/codeigniter4/framework/system/Database/BaseConnection.php(1490): CodeIgniter\Database\BaseConnection->listTables()
#5 /Applications/XAMPP/xamppfiles/htdocs/ppdb-rancah/vendor/codeigniter4/framework/system/Database/MigrationRunner.php(759): CodeIgniter\Database\BaseConnection->tableExists('migrations')
#6 /Applications/XAMPP/xamppfiles/htdocs/ppdb-rancah/vendor/codeigniter4/framework/system/Database/MigrationRunner.php(163): CodeIgniter\Database\MigrationRunner->ensureTable()
#7 /Applications/XAMPP/xamppfiles/htdocs/ppdb-rancah/vendor/codeigniter4/framework/system/Commands/Database/Migrate.php(85): CodeIgniter\Database\MigrationRunner->latest(NULL)
#8 /Applications/XAMPP/xamppfiles/htdocs/ppdb-rancah/vendor/codeigniter4/framework/system/CLI/Commands.php(70): CodeIgniter\Commands\Database\Migrate->run(Array)
#9 /Applications/XAMPP/xamppfiles/htdocs/ppdb-rancah/vendor/codeigniter4/framework/system/CLI/Console.php(48): CodeIgniter\CLI\Commands->run('migrate', Array)
#10 /Applications/XAMPP/xamppfiles/htdocs/ppdb-rancah/vendor/codeigniter4/framework/system/Boot.php(338): CodeIgniter\CLI\Console->run()
#11 /Applications/XAMPP/xamppfiles/htdocs/ppdb-rancah/vendor/codeigniter4/framework/system/Boot.php(104): CodeIgniter\Boot::runCommand(Object(CodeIgniter\CLI\Console))
#12 /Applications/XAMPP/xamppfiles/htdocs/ppdb-rancah/spark(84): CodeIgniter\Boot::bootSpark(Object(Config\Paths))
#13 {main}

Next CodeIgniter\Database\Exceptions\DatabaseException: Unknown database 'ppdb_rancah' in /Applications/XAMPP/xamppfiles/htdocs/ppdb-rancah/vendor/codeigniter4/framework/system/Database/MySQLi/Connection.php:231
Stack trace:
#0 /Applications/XAMPP/xamppfiles/htdocs/ppdb-rancah/vendor/codeigniter4/framework/system/Database/BaseConnection.php(421): CodeIgniter\Database\MySQLi\Connection->connect(false)
#1 /Applications/XAMPP/xamppfiles/htdocs/ppdb-rancah/vendor/codeigniter4/framework/system/Database/BaseConnection.php(604): CodeIgniter\Database\BaseConnection->initialize()
#2 /Applications/XAMPP/xamppfiles/htdocs/ppdb-rancah/vendor/codeigniter4/framework/system/Database/BaseConnection.php(1471): CodeIgniter\Database\BaseConnection->query('SHOW TABLES FRO...')
#3 /Applications/XAMPP/xamppfiles/htdocs/ppdb-rancah/vendor/codeigniter4/framework/system/Database/BaseConnection.php(1490): CodeIgniter\Database\BaseConnection->listTables()
#4 /Applications/XAMPP/xamppfiles/htdocs/ppdb-rancah/vendor/codeigniter4/framework/system/Database/MigrationRunner.php(759): CodeIgniter\Database\BaseConnection->tableExists('migrations')
#5 /Applications/XAMPP/xamppfiles/htdocs/ppdb-rancah/vendor/codeigniter4/framework/system/Database/MigrationRunner.php(163): CodeIgniter\Database\MigrationRunner->ensureTable()
#6 /Applications/XAMPP/xamppfiles/htdocs/ppdb-rancah/vendor/codeigniter4/framework/system/Commands/Database/Migrate.php(85): CodeIgniter\Database\MigrationRunner->latest(NULL)
#7 /Applications/XAMPP/xamppfiles/htdocs/ppdb-rancah/vendor/codeigniter4/framework/system/CLI/Commands.php(70): CodeIgniter\Commands\Database\Migrate->run(Array)
#8 /Applications/XAMPP/xamppfiles/htdocs/ppdb-rancah/vendor/codeigniter4/framework/system/CLI/Console.php(48): CodeIgniter\CLI\Commands->run('migrate', Array)
#9 /Applications/XAMPP/xamppfiles/htdocs/ppdb-rancah/vendor/codeigniter4/framework/system/Boot.php(338): CodeIgniter\CLI\Console->run()
#10 /Applications/XAMPP/xamppfiles/htdocs/ppdb-rancah/vendor/codeigniter4/framework/system/Boot.php(104): CodeIgniter\Boot::runCommand(Object(CodeIgniter\CLI\Console))
#11 /Applications/XAMPP/xamppfiles/htdocs/ppdb-rancah/spark(84): CodeIgniter\Boot::bootSpark(Object(Config\Paths))
#12 {main}
INFO - 2025-07-24 13:37:17 --> Session: Class initialized using 'CodeIgniter\Session\Handlers\FileHandler' driver.
INFO - 2025-07-24 13:38:12 --> Session: Class initialized using 'CodeIgniter\Session\Handlers\FileHandler' driver.
INFO - 2025-07-24 13:38:23 --> Session: Class initialized using 'CodeIgniter\Session\Handlers\FileHandler' driver.
INFO - 2025-07-24 13:38:25 --> Session: Class initialized using 'CodeIgniter\Session\Handlers\FileHandler' driver.
INFO - 2025-07-24 13:40:23 --> Session: Class initialized using 'CodeIgniter\Session\Handlers\FileHandler' driver.
INFO - 2025-07-24 13:44:18 --> Session: Class initialized using 'CodeIgniter\Session\Handlers\FileHandler' driver.
INFO - 2025-07-24 13:44:18 --> Session: Class initialized using 'CodeIgniter\Session\Handlers\FileHandler' driver.
INFO - 2025-07-24 13:44:39 --> Session: Class initialized using 'CodeIgniter\Session\Handlers\FileHandler' driver.
INFO - 2025-07-24 13:44:39 --> Session: Class initialized using 'CodeIgniter\Session\Handlers\FileHandler' driver.
INFO - 2025-07-24 13:44:44 --> Session: Class initialized using 'CodeIgniter\Session\Handlers\FileHandler' driver.
INFO - 2025-07-24 13:44:45 --> Session: Class initialized using 'CodeIgniter\Session\Handlers\FileHandler' driver.
INFO - 2025-07-24 13:44:46 --> Session: Class initialized using 'CodeIgniter\Session\Handlers\FileHandler' driver.
INFO - 2025-07-24 13:44:47 --> Session: Class initialized using 'CodeIgniter\Session\Handlers\FileHandler' driver.
INFO - 2025-07-24 13:44:48 --> Session: Class initialized using 'CodeIgniter\Session\Handlers\FileHandler' driver.
INFO - 2025-07-24 13:44:50 --> Session: Class initialized using 'CodeIgniter\Session\Handlers\FileHandler' driver.
INFO - 2025-07-24 13:45:12 --> Session: Class initialized using 'CodeIgniter\Session\Handlers\FileHandler' driver.
ERROR - 2025-07-24 13:45:12 --> mysqli_sql_exception: Table 'ppdb_rancah.pengumuman' doesn't exist in /Applications/XAMPP/xamppfiles/htdocs/ppdb-rancah/vendor/codeigniter4/framework/system/Database/MySQLi/Connection.php:308
Stack trace:
#0 /Applications/XAMPP/xamppfiles/htdocs/ppdb-rancah/vendor/codeigniter4/framework/system/Database/MySQLi/Connection.php(308): mysqli->query('SELECT *\nFROM `...', 0)
#1 /Applications/XAMPP/xamppfiles/htdocs/ppdb-rancah/vendor/codeigniter4/framework/system/Database/BaseConnection.php(722): CodeIgniter\Database\MySQLi\Connection->execute('SELECT *\nFROM `...')
#2 /Applications/XAMPP/xamppfiles/htdocs/ppdb-rancah/vendor/codeigniter4/framework/system/Database/BaseConnection.php(636): CodeIgniter\Database\BaseConnection->simpleQuery('SELECT *\nFROM `...')
#3 /Applications/XAMPP/xamppfiles/htdocs/ppdb-rancah/vendor/codeigniter4/framework/system/Database/BaseBuilder.php(1629): CodeIgniter\Database\BaseConnection->query('SELECT *\nFROM `...', Array, false)
#4 /Applications/XAMPP/xamppfiles/htdocs/ppdb-rancah/vendor/codeigniter4/framework/system/Model.php(275): CodeIgniter\Database\BaseBuilder->get()
#5 /Applications/XAMPP/xamppfiles/htdocs/ppdb-rancah/vendor/codeigniter4/framework/system/BaseModel.php(676): CodeIgniter\Model->doFindAll(0, 0)
#6 /Applications/XAMPP/xamppfiles/htdocs/ppdb-rancah/app/Controllers/PengumumanController.php(22): CodeIgniter\BaseModel->findAll()
#7 /Applications/XAMPP/xamppfiles/htdocs/ppdb-rancah/vendor/codeigniter4/framework/system/CodeIgniter.php(933): App\Controllers\PengumumanController->index()
#8 /Applications/XAMPP/xamppfiles/htdocs/ppdb-rancah/vendor/codeigniter4/framework/system/CodeIgniter.php(509): CodeIgniter\CodeIgniter->runController(Object(App\Controllers\PengumumanController))
#9 /Applications/XAMPP/xamppfiles/htdocs/ppdb-rancah/vendor/codeigniter4/framework/system/CodeIgniter.php(355): CodeIgniter\CodeIgniter->handleRequest(NULL, Object(Config\Cache), false)
#10 /Applications/XAMPP/xamppfiles/htdocs/ppdb-rancah/vendor/codeigniter4/framework/system/Boot.php(312): CodeIgniter\CodeIgniter->run()
#11 /Applications/XAMPP/xamppfiles/htdocs/ppdb-rancah/vendor/codeigniter4/framework/system/Boot.php(67): CodeIgniter\Boot::runCodeIgniter(Object(CodeIgniter\CodeIgniter))
#12 /Applications/XAMPP/xamppfiles/htdocs/ppdb-rancah/public/index.php(56): CodeIgniter\Boot::bootWeb(Object(Config\Paths))
#13 /Applications/XAMPP/xamppfiles/htdocs/ppdb-rancah/vendor/codeigniter4/framework/system/Commands/Server/rewrite.php(49): require_once('/Applications/X...')
#14 {main}
CRITICAL - 2025-07-24 13:45:12 --> CodeIgniter\Database\Exceptions\DatabaseException: Table 'ppdb_rancah.pengumuman' doesn't exist
[Method: GET, Route: pengumuman]
in SYSTEMPATH/Database/BaseConnection.php on line 676.
 1 SYSTEMPATH/Database/BaseBuilder.php(1629): CodeIgniter\Database\BaseConnection->query('SELECT *
FROM `pengumuman`', [], false)
 2 SYSTEMPATH/Model.php(275): CodeIgniter\Database\BaseBuilder->get()
 3 SYSTEMPATH/BaseModel.php(676): CodeIgniter\Model->doFindAll(0, 0)
 4 APPPATH/Controllers/PengumumanController.php(22): CodeIgniter\BaseModel->findAll()
 5 SYSTEMPATH/CodeIgniter.php(933): App\Controllers\PengumumanController->index()
 6 SYSTEMPATH/CodeIgniter.php(509): CodeIgniter\CodeIgniter->runController(Object(App\Controllers\PengumumanController))
 7 SYSTEMPATH/CodeIgniter.php(355): CodeIgniter\CodeIgniter->handleRequest(null, Object(Config\Cache), false)
 8 SYSTEMPATH/Boot.php(312): CodeIgniter\CodeIgniter->run()
 9 SYSTEMPATH/Boot.php(67): CodeIgniter\Boot::runCodeIgniter(Object(CodeIgniter\CodeIgniter))
10 FCPATH/index.php(56): CodeIgniter\Boot::bootWeb(Object(Config\Paths))
11 SYSTEMPATH/Commands/Server/rewrite.php(49): require_once('/Applications/XAMPP/xamppfiles/htdocs/ppdb-rancah/public/index.php')
CRITICAL - 2025-07-24 13:45:12 --> [Caused by] CodeIgniter\Database\Exceptions\DatabaseException: Table 'ppdb_rancah.pengumuman' doesn't exist
in SYSTEMPATH/Database/MySQLi/Connection.php on line 313.
 1 SYSTEMPATH/Database/BaseConnection.php(722): CodeIgniter\Database\MySQLi\Connection->execute('SELECT *
FROM `pengumuman`')
 2 SYSTEMPATH/Database/BaseConnection.php(636): CodeIgniter\Database\BaseConnection->simpleQuery('SELECT *
FROM `pengumuman`')
 3 SYSTEMPATH/Database/BaseBuilder.php(1629): CodeIgniter\Database\BaseConnection->query('SELECT *
FROM `pengumuman`', [], false)
 4 SYSTEMPATH/Model.php(275): CodeIgniter\Database\BaseBuilder->get()
 5 SYSTEMPATH/BaseModel.php(676): CodeIgniter\Model->doFindAll(0, 0)
 6 APPPATH/Controllers/PengumumanController.php(22): CodeIgniter\BaseModel->findAll()
 7 SYSTEMPATH/CodeIgniter.php(933): App\Controllers\PengumumanController->index()
 8 SYSTEMPATH/CodeIgniter.php(509): CodeIgniter\CodeIgniter->runController(Object(App\Controllers\PengumumanController))
 9 SYSTEMPATH/CodeIgniter.php(355): CodeIgniter\CodeIgniter->handleRequest(null, Object(Config\Cache), false)
10 SYSTEMPATH/Boot.php(312): CodeIgniter\CodeIgniter->run()
11 SYSTEMPATH/Boot.php(67): CodeIgniter\Boot::runCodeIgniter(Object(CodeIgniter\CodeIgniter))
12 FCPATH/index.php(56): CodeIgniter\Boot::bootWeb(Object(Config\Paths))
13 SYSTEMPATH/Commands/Server/rewrite.php(49): require_once('/Applications/XAMPP/xamppfiles/htdocs/ppdb-rancah/public/index.php')
CRITICAL - 2025-07-24 13:45:12 --> [Caused by] mysqli_sql_exception: Table 'ppdb_rancah.pengumuman' doesn't exist
in SYSTEMPATH/Database/MySQLi/Connection.php on line 308.
 1 SYSTEMPATH/Database/MySQLi/Connection.php(308): mysqli->query('SELECT *
FROM `pengumuman`', 0)
 2 SYSTEMPATH/Database/BaseConnection.php(722): CodeIgniter\Database\MySQLi\Connection->execute('SELECT *
FROM `pengumuman`')
 3 SYSTEMPATH/Database/BaseConnection.php(636): CodeIgniter\Database\BaseConnection->simpleQuery('SELECT *
FROM `pengumuman`')
 4 SYSTEMPATH/Database/BaseBuilder.php(1629): CodeIgniter\Database\BaseConnection->query('SELECT *
FROM `pengumuman`', [], false)
 5 SYSTEMPATH/Model.php(275): CodeIgniter\Database\BaseBuilder->get()
 6 SYSTEMPATH/BaseModel.php(676): CodeIgniter\Model->doFindAll(0, 0)
 7 APPPATH/Controllers/PengumumanController.php(22): CodeIgniter\BaseModel->findAll()
 8 SYSTEMPATH/CodeIgniter.php(933): App\Controllers\PengumumanController->index()
 9 SYSTEMPATH/CodeIgniter.php(509): CodeIgniter\CodeIgniter->runController(Object(App\Controllers\PengumumanController))
10 SYSTEMPATH/CodeIgniter.php(355): CodeIgniter\CodeIgniter->handleRequest(null, Object(Config\Cache), false)
11 SYSTEMPATH/Boot.php(312): CodeIgniter\CodeIgniter->run()
12 SYSTEMPATH/Boot.php(67): CodeIgniter\Boot::runCodeIgniter(Object(CodeIgniter\CodeIgniter))
13 FCPATH/index.php(56): CodeIgniter\Boot::bootWeb(Object(Config\Paths))
14 SYSTEMPATH/Commands/Server/rewrite.php(49): require_once('/Applications/XAMPP/xamppfiles/htdocs/ppdb-rancah/public/index.php')
INFO - 2025-07-24 13:45:21 --> Session: Class initialized using 'CodeIgniter\Session\Handlers\FileHandler' driver.
INFO - 2025-07-24 13:45:33 --> Session: Class initialized using 'CodeIgniter\Session\Handlers\FileHandler' driver.
INFO - 2025-07-24 13:45:34 --> Session: Class initialized using 'CodeIgniter\Session\Handlers\FileHandler' driver.
INFO - 2025-07-24 13:45:35 --> Session: Class initialized using 'CodeIgniter\Session\Handlers\FileHandler' driver.
INFO - 2025-07-24 13:45:36 --> Session: Class initialized using 'CodeIgniter\Session\Handlers\FileHandler' driver.
INFO - 2025-07-24 13:45:36 --> Session: Class initialized using 'CodeIgniter\Session\Handlers\FileHandler' driver.
INFO - 2025-07-24 13:45:41 --> Session: Class initialized using 'CodeIgniter\Session\Handlers\FileHandler' driver.
INFO - 2025-07-24 13:45:42 --> Session: Class initialized using 'CodeIgniter\Session\Handlers\FileHandler' driver.
INFO - 2025-07-24 13:46:04 --> Session: Class initialized using 'CodeIgniter\Session\Handlers\FileHandler' driver.
ERROR - 2025-07-24 13:46:04 --> mysqli_sql_exception: Table 'ppdb_rancah.pengumuman' doesn't exist in /Applications/XAMPP/xamppfiles/htdocs/ppdb-rancah/vendor/codeigniter4/framework/system/Database/MySQLi/Connection.php:308
Stack trace:
#0 /Applications/XAMPP/xamppfiles/htdocs/ppdb-rancah/vendor/codeigniter4/framework/system/Database/MySQLi/Connection.php(308): mysqli->query('SELECT *\nFROM `...', 0)
#1 /Applications/XAMPP/xamppfiles/htdocs/ppdb-rancah/vendor/codeigniter4/framework/system/Database/BaseConnection.php(722): CodeIgniter\Database\MySQLi\Connection->execute('SELECT *\nFROM `...')
#2 /Applications/XAMPP/xamppfiles/htdocs/ppdb-rancah/vendor/codeigniter4/framework/system/Database/BaseConnection.php(636): CodeIgniter\Database\BaseConnection->simpleQuery('SELECT *\nFROM `...')
#3 /Applications/XAMPP/xamppfiles/htdocs/ppdb-rancah/vendor/codeigniter4/framework/system/Database/BaseBuilder.php(1629): CodeIgniter\Database\BaseConnection->query('SELECT *\nFROM `...', Array, false)
#4 /Applications/XAMPP/xamppfiles/htdocs/ppdb-rancah/vendor/codeigniter4/framework/system/Model.php(275): CodeIgniter\Database\BaseBuilder->get()
#5 /Applications/XAMPP/xamppfiles/htdocs/ppdb-rancah/vendor/codeigniter4/framework/system/BaseModel.php(676): CodeIgniter\Model->doFindAll(0, 0)
#6 /Applications/XAMPP/xamppfiles/htdocs/ppdb-rancah/app/Controllers/PengumumanController.php(22): CodeIgniter\BaseModel->findAll()
#7 /Applications/XAMPP/xamppfiles/htdocs/ppdb-rancah/vendor/codeigniter4/framework/system/CodeIgniter.php(933): App\Controllers\PengumumanController->index()
#8 /Applications/XAMPP/xamppfiles/htdocs/ppdb-rancah/vendor/codeigniter4/framework/system/CodeIgniter.php(509): CodeIgniter\CodeIgniter->runController(Object(App\Controllers\PengumumanController))
#9 /Applications/XAMPP/xamppfiles/htdocs/ppdb-rancah/vendor/codeigniter4/framework/system/CodeIgniter.php(355): CodeIgniter\CodeIgniter->handleRequest(NULL, Object(Config\Cache), false)
#10 /Applications/XAMPP/xamppfiles/htdocs/ppdb-rancah/vendor/codeigniter4/framework/system/Boot.php(312): CodeIgniter\CodeIgniter->run()
#11 /Applications/XAMPP/xamppfiles/htdocs/ppdb-rancah/vendor/codeigniter4/framework/system/Boot.php(67): CodeIgniter\Boot::runCodeIgniter(Object(CodeIgniter\CodeIgniter))
#12 /Applications/XAMPP/xamppfiles/htdocs/ppdb-rancah/public/index.php(56): CodeIgniter\Boot::bootWeb(Object(Config\Paths))
#13 /Applications/XAMPP/xamppfiles/htdocs/ppdb-rancah/vendor/codeigniter4/framework/system/Commands/Server/rewrite.php(49): require_once('/Applications/X...')
#14 {main}
CRITICAL - 2025-07-24 13:46:04 --> CodeIgniter\Database\Exceptions\DatabaseException: Table 'ppdb_rancah.pengumuman' doesn't exist
[Method: GET, Route: pengumuman]
in SYSTEMPATH/Database/BaseConnection.php on line 676.
 1 SYSTEMPATH/Database/BaseBuilder.php(1629): CodeIgniter\Database\BaseConnection->query('SELECT *
FROM `pengumuman`', [], false)
 2 SYSTEMPATH/Model.php(275): CodeIgniter\Database\BaseBuilder->get()
 3 SYSTEMPATH/BaseModel.php(676): CodeIgniter\Model->doFindAll(0, 0)
 4 APPPATH/Controllers/PengumumanController.php(22): CodeIgniter\BaseModel->findAll()
 5 SYSTEMPATH/CodeIgniter.php(933): App\Controllers\PengumumanController->index()
 6 SYSTEMPATH/CodeIgniter.php(509): CodeIgniter\CodeIgniter->runController(Object(App\Controllers\PengumumanController))
 7 SYSTEMPATH/CodeIgniter.php(355): CodeIgniter\CodeIgniter->handleRequest(null, Object(Config\Cache), false)
 8 SYSTEMPATH/Boot.php(312): CodeIgniter\CodeIgniter->run()
 9 SYSTEMPATH/Boot.php(67): CodeIgniter\Boot::runCodeIgniter(Object(CodeIgniter\CodeIgniter))
10 FCPATH/index.php(56): CodeIgniter\Boot::bootWeb(Object(Config\Paths))
11 SYSTEMPATH/Commands/Server/rewrite.php(49): require_once('/Applications/XAMPP/xamppfiles/htdocs/ppdb-rancah/public/index.php')
CRITICAL - 2025-07-24 13:46:04 --> [Caused by] CodeIgniter\Database\Exceptions\DatabaseException: Table 'ppdb_rancah.pengumuman' doesn't exist
in SYSTEMPATH/Database/MySQLi/Connection.php on line 313.
 1 SYSTEMPATH/Database/BaseConnection.php(722): CodeIgniter\Database\MySQLi\Connection->execute('SELECT *
FROM `pengumuman`')
 2 SYSTEMPATH/Database/BaseConnection.php(636): CodeIgniter\Database\BaseConnection->simpleQuery('SELECT *
FROM `pengumuman`')
 3 SYSTEMPATH/Database/BaseBuilder.php(1629): CodeIgniter\Database\BaseConnection->query('SELECT *
FROM `pengumuman`', [], false)
 4 SYSTEMPATH/Model.php(275): CodeIgniter\Database\BaseBuilder->get()
 5 SYSTEMPATH/BaseModel.php(676): CodeIgniter\Model->doFindAll(0, 0)
 6 APPPATH/Controllers/PengumumanController.php(22): CodeIgniter\BaseModel->findAll()
 7 SYSTEMPATH/CodeIgniter.php(933): App\Controllers\PengumumanController->index()
 8 SYSTEMPATH/CodeIgniter.php(509): CodeIgniter\CodeIgniter->runController(Object(App\Controllers\PengumumanController))
 9 SYSTEMPATH/CodeIgniter.php(355): CodeIgniter\CodeIgniter->handleRequest(null, Object(Config\Cache), false)
10 SYSTEMPATH/Boot.php(312): CodeIgniter\CodeIgniter->run()
11 SYSTEMPATH/Boot.php(67): CodeIgniter\Boot::runCodeIgniter(Object(CodeIgniter\CodeIgniter))
12 FCPATH/index.php(56): CodeIgniter\Boot::bootWeb(Object(Config\Paths))
13 SYSTEMPATH/Commands/Server/rewrite.php(49): require_once('/Applications/XAMPP/xamppfiles/htdocs/ppdb-rancah/public/index.php')
CRITICAL - 2025-07-24 13:46:04 --> [Caused by] mysqli_sql_exception: Table 'ppdb_rancah.pengumuman' doesn't exist
in SYSTEMPATH/Database/MySQLi/Connection.php on line 308.
 1 SYSTEMPATH/Database/MySQLi/Connection.php(308): mysqli->query('SELECT *
FROM `pengumuman`', 0)
 2 SYSTEMPATH/Database/BaseConnection.php(722): CodeIgniter\Database\MySQLi\Connection->execute('SELECT *
FROM `pengumuman`')
 3 SYSTEMPATH/Database/BaseConnection.php(636): CodeIgniter\Database\BaseConnection->simpleQuery('SELECT *
FROM `pengumuman`')
 4 SYSTEMPATH/Database/BaseBuilder.php(1629): CodeIgniter\Database\BaseConnection->query('SELECT *
FROM `pengumuman`', [], false)
 5 SYSTEMPATH/Model.php(275): CodeIgniter\Database\BaseBuilder->get()
 6 SYSTEMPATH/BaseModel.php(676): CodeIgniter\Model->doFindAll(0, 0)
 7 APPPATH/Controllers/PengumumanController.php(22): CodeIgniter\BaseModel->findAll()
 8 SYSTEMPATH/CodeIgniter.php(933): App\Controllers\PengumumanController->index()
 9 SYSTEMPATH/CodeIgniter.php(509): CodeIgniter\CodeIgniter->runController(Object(App\Controllers\PengumumanController))
10 SYSTEMPATH/CodeIgniter.php(355): CodeIgniter\CodeIgniter->handleRequest(null, Object(Config\Cache), false)
11 SYSTEMPATH/Boot.php(312): CodeIgniter\CodeIgniter->run()
12 SYSTEMPATH/Boot.php(67): CodeIgniter\Boot::runCodeIgniter(Object(CodeIgniter\CodeIgniter))
13 FCPATH/index.php(56): CodeIgniter\Boot::bootWeb(Object(Config\Paths))
14 SYSTEMPATH/Commands/Server/rewrite.php(49): require_once('/Applications/XAMPP/xamppfiles/htdocs/ppdb-rancah/public/index.php')
INFO - 2025-07-24 13:46:05 --> Session: Class initialized using 'CodeIgniter\Session\Handlers\FileHandler' driver.
INFO - 2025-07-24 13:47:52 --> Session: Class initialized using 'CodeIgniter\Session\Handlers\FileHandler' driver.
INFO - 2025-07-24 15:05:02 --> Session: Class initialized using 'CodeIgniter\Session\Handlers\FileHandler' driver.
INFO - 2025-07-24 15:05:03 --> Session: Class initialized using 'CodeIgniter\Session\Handlers\FileHandler' driver.
INFO - 2025-07-24 15:06:49 --> Session: Class initialized using 'CodeIgniter\Session\Handlers\FileHandler' driver.
INFO - 2025-07-24 15:07:42 --> Session: Class initialized using 'CodeIgniter\Session\Handlers\FileHandler' driver.
INFO - 2025-07-24 15:09:13 --> Session: Class initialized using 'CodeIgniter\Session\Handlers\FileHandler' driver.
INFO - 2025-07-24 15:09:14 --> Session: Class initialized using 'CodeIgniter\Session\Handlers\FileHandler' driver.
INFO - 2025-07-24 15:09:21 --> Session: Class initialized using 'CodeIgniter\Session\Handlers\FileHandler' driver.
INFO - 2025-07-24 15:09:24 --> Session: Class initialized using 'CodeIgniter\Session\Handlers\FileHandler' driver.
INFO - 2025-07-24 15:10:23 --> Session: Class initialized using 'CodeIgniter\Session\Handlers\FileHandler' driver.
INFO - 2025-07-24 15:10:23 --> Session: Class initialized using 'CodeIgniter\Session\Handlers\FileHandler' driver.
INFO - 2025-07-24 15:10:27 --> Session: Class initialized using 'CodeIgniter\Session\Handlers\FileHandler' driver.
INFO - 2025-07-24 15:10:31 --> Session: Class initialized using 'CodeIgniter\Session\Handlers\FileHandler' driver.
ERROR - 2025-07-24 15:10:31 --> mysqli_sql_exception: Unknown column 'jalur_pendaftaran' in 'field list' in /Applications/XAMPP/xamppfiles/htdocs/ppdb-rancah/vendor/codeigniter4/framework/system/Database/MySQLi/Connection.php:308
Stack trace:
#0 /Applications/XAMPP/xamppfiles/htdocs/ppdb-rancah/vendor/codeigniter4/framework/system/Database/MySQLi/Connection.php(308): mysqli->query('INSERT INTO `pp...', 0)
#1 /Applications/XAMPP/xamppfiles/htdocs/ppdb-rancah/vendor/codeigniter4/framework/system/Database/BaseConnection.php(722): CodeIgniter\Database\MySQLi\Connection->execute('INSERT INTO `pp...')
#2 /Applications/XAMPP/xamppfiles/htdocs/ppdb-rancah/vendor/codeigniter4/framework/system/Database/BaseConnection.php(636): CodeIgniter\Database\BaseConnection->simpleQuery('INSERT INTO `pp...')
#3 /Applications/XAMPP/xamppfiles/htdocs/ppdb-rancah/vendor/codeigniter4/framework/system/Database/BaseBuilder.php(2325): CodeIgniter\Database\BaseConnection->query('INSERT INTO `pp...', Array, false)
#4 /Applications/XAMPP/xamppfiles/htdocs/ppdb-rancah/vendor/codeigniter4/framework/system/Model.php(383): CodeIgniter\Database\BaseBuilder->insert()
#5 /Applications/XAMPP/xamppfiles/htdocs/ppdb-rancah/vendor/codeigniter4/framework/system/BaseModel.php(840): CodeIgniter\Model->doInsert(Array)
#6 /Applications/XAMPP/xamppfiles/htdocs/ppdb-rancah/vendor/codeigniter4/framework/system/Model.php(791): CodeIgniter\BaseModel->insert(Array, false)
#7 /Applications/XAMPP/xamppfiles/htdocs/ppdb-rancah/vendor/codeigniter4/framework/system/BaseModel.php(751): CodeIgniter\Model->insert(Array, false)
#8 /Applications/XAMPP/xamppfiles/htdocs/ppdb-rancah/app/Controllers/PpdbController.php(40): CodeIgniter\BaseModel->save(Array)
#9 /Applications/XAMPP/xamppfiles/htdocs/ppdb-rancah/vendor/codeigniter4/framework/system/CodeIgniter.php(933): App\Controllers\PpdbController->create()
#10 /Applications/XAMPP/xamppfiles/htdocs/ppdb-rancah/vendor/codeigniter4/framework/system/CodeIgniter.php(509): CodeIgniter\CodeIgniter->runController(Object(App\Controllers\PpdbController))
#11 /Applications/XAMPP/xamppfiles/htdocs/ppdb-rancah/vendor/codeigniter4/framework/system/CodeIgniter.php(355): CodeIgniter\CodeIgniter->handleRequest(NULL, Object(Config\Cache), false)
#12 /Applications/XAMPP/xamppfiles/htdocs/ppdb-rancah/vendor/codeigniter4/framework/system/Boot.php(312): CodeIgniter\CodeIgniter->run()
#13 /Applications/XAMPP/xamppfiles/htdocs/ppdb-rancah/vendor/codeigniter4/framework/system/Boot.php(67): CodeIgniter\Boot::runCodeIgniter(Object(CodeIgniter\CodeIgniter))
#14 /Applications/XAMPP/xamppfiles/htdocs/ppdb-rancah/public/index.php(56): CodeIgniter\Boot::bootWeb(Object(Config\Paths))
#15 /Applications/XAMPP/xamppfiles/htdocs/ppdb-rancah/vendor/codeigniter4/framework/system/Commands/Server/rewrite.php(49): require_once('/Applications/X...')
#16 {main}
CRITICAL - 2025-07-24 15:10:31 --> CodeIgniter\Database\Exceptions\DatabaseException: Unknown column 'jalur_pendaftaran' in 'field list'
[Method: POST, Route: daftar]
in SYSTEMPATH/Database/BaseConnection.php on line 676.
 1 SYSTEMPATH/Database/BaseBuilder.php(2325): CodeIgniter\Database\BaseConnection->query('INSERT INTO `ppdb` (`nisn`, `nama_lengkap`, `no_telp`, `tempat_lahir`, `tanggal_lahir`, `jalur_pendaftaran`, `password`, `status`, `created_at`, `updated_at`) VALUES (:nisn:, :nama_lengkap:, :no_telp:, :tempat_lahir:, :tanggal_lahir:, :jalur_pendaftaran:, :password:, :status:, :created_at:, :updated_at:)', [...], false)
 2 SYSTEMPATH/Model.php(383): CodeIgniter\Database\BaseBuilder->insert()
 3 SYSTEMPATH/BaseModel.php(840): CodeIgniter\Model->doInsert([...])
 4 SYSTEMPATH/Model.php(791): CodeIgniter\BaseModel->insert([...], false)
 5 SYSTEMPATH/BaseModel.php(751): CodeIgniter\Model->insert([...], false)
 6 APPPATH/Controllers/PpdbController.php(40): CodeIgniter\BaseModel->save([...])
 7 SYSTEMPATH/CodeIgniter.php(933): App\Controllers\PpdbController->create()
 8 SYSTEMPATH/CodeIgniter.php(509): CodeIgniter\CodeIgniter->runController(Object(App\Controllers\PpdbController))
 9 SYSTEMPATH/CodeIgniter.php(355): CodeIgniter\CodeIgniter->handleRequest(null, Object(Config\Cache), false)
10 SYSTEMPATH/Boot.php(312): CodeIgniter\CodeIgniter->run()
11 SYSTEMPATH/Boot.php(67): CodeIgniter\Boot::runCodeIgniter(Object(CodeIgniter\CodeIgniter))
12 FCPATH/index.php(56): CodeIgniter\Boot::bootWeb(Object(Config\Paths))
13 SYSTEMPATH/Commands/Server/rewrite.php(49): require_once('/Applications/XAMPP/xamppfiles/htdocs/ppdb-rancah/public/index.php')
CRITICAL - 2025-07-24 15:10:31 --> [Caused by] CodeIgniter\Database\Exceptions\DatabaseException: Unknown column 'jalur_pendaftaran' in 'field list'
in SYSTEMPATH/Database/MySQLi/Connection.php on line 313.
 1 SYSTEMPATH/Database/BaseConnection.php(722): CodeIgniter\Database\MySQLi\Connection->execute('INSERT INTO `ppdb` (`nisn`, `nama_lengkap`, `no_telp`, `tempat_lahir`, `tanggal_lahir`, `jalur_pendaftaran`, `password`, `status`, `created_at`, `updated_at`) VALUES (\'3\', \'Enim dolor est dolo\', \'85\', \'Ullam sit Nam enim \', \'1996-05-18\', \'Mutasi\', \'$2y$10$QFap6Nyx7Dopvcpu92wsEebOOk2oU9nmEsavDoHuYBpDbF1NGpSB2\', \'Belum Lengkap\', \'2025-07-24 15:10:31\', \'2025-07-24 15:10:31\')')
 2 SYSTEMPATH/Database/BaseConnection.php(636): CodeIgniter\Database\BaseConnection->simpleQuery('INSERT INTO `ppdb` (`nisn`, `nama_lengkap`, `no_telp`, `tempat_lahir`, `tanggal_lahir`, `jalur_pendaftaran`, `password`, `status`, `created_at`, `updated_at`) VALUES (\'3\', \'Enim dolor est dolo\', \'85\', \'Ullam sit Nam enim \', \'1996-05-18\', \'Mutasi\', \'$2y$10$QFap6Nyx7Dopvcpu92wsEebOOk2oU9nmEsavDoHuYBpDbF1NGpSB2\', \'Belum Lengkap\', \'2025-07-24 15:10:31\', \'2025-07-24 15:10:31\')')
 3 SYSTEMPATH/Database/BaseBuilder.php(2325): CodeIgniter\Database\BaseConnection->query('INSERT INTO `ppdb` (`nisn`, `nama_lengkap`, `no_telp`, `tempat_lahir`, `tanggal_lahir`, `jalur_pendaftaran`, `password`, `status`, `created_at`, `updated_at`) VALUES (:nisn:, :nama_lengkap:, :no_telp:, :tempat_lahir:, :tanggal_lahir:, :jalur_pendaftaran:, :password:, :status:, :created_at:, :updated_at:)', [...], false)
 4 SYSTEMPATH/Model.php(383): CodeIgniter\Database\BaseBuilder->insert()
 5 SYSTEMPATH/BaseModel.php(840): CodeIgniter\Model->doInsert([...])
 6 SYSTEMPATH/Model.php(791): CodeIgniter\BaseModel->insert([...], false)
 7 SYSTEMPATH/BaseModel.php(751): CodeIgniter\Model->insert([...], false)
 8 APPPATH/Controllers/PpdbController.php(40): CodeIgniter\BaseModel->save([...])
 9 SYSTEMPATH/CodeIgniter.php(933): App\Controllers\PpdbController->create()
10 SYSTEMPATH/CodeIgniter.php(509): CodeIgniter\CodeIgniter->runController(Object(App\Controllers\PpdbController))
11 SYSTEMPATH/CodeIgniter.php(355): CodeIgniter\CodeIgniter->handleRequest(null, Object(Config\Cache), false)
12 SYSTEMPATH/Boot.php(312): CodeIgniter\CodeIgniter->run()
13 SYSTEMPATH/Boot.php(67): CodeIgniter\Boot::runCodeIgniter(Object(CodeIgniter\CodeIgniter))
14 FCPATH/index.php(56): CodeIgniter\Boot::bootWeb(Object(Config\Paths))
15 SYSTEMPATH/Commands/Server/rewrite.php(49): require_once('/Applications/XAMPP/xamppfiles/htdocs/ppdb-rancah/public/index.php')
CRITICAL - 2025-07-24 15:10:31 --> [Caused by] mysqli_sql_exception: Unknown column 'jalur_pendaftaran' in 'field list'
in SYSTEMPATH/Database/MySQLi/Connection.php on line 308.
 1 SYSTEMPATH/Database/MySQLi/Connection.php(308): mysqli->query('INSERT INTO `ppdb` (`nisn`, `nama_lengkap`, `no_telp`, `tempat_lahir`, `tanggal_lahir`, `jalur_pendaftaran`, `password`, `status`, `created_at`, `updated_at`) VALUES (\'3\', \'Enim dolor est dolo\', \'85\', \'Ullam sit Nam enim \', \'1996-05-18\', \'Mutasi\', \'$2y$10$QFap6Nyx7Dopvcpu92wsEebOOk2oU9nmEsavDoHuYBpDbF1NGpSB2\', \'Belum Lengkap\', \'2025-07-24 15:10:31\', \'2025-07-24 15:10:31\')', 0)
 2 SYSTEMPATH/Database/BaseConnection.php(722): CodeIgniter\Database\MySQLi\Connection->execute('INSERT INTO `ppdb` (`nisn`, `nama_lengkap`, `no_telp`, `tempat_lahir`, `tanggal_lahir`, `jalur_pendaftaran`, `password`, `status`, `created_at`, `updated_at`) VALUES (\'3\', \'Enim dolor est dolo\', \'85\', \'Ullam sit Nam enim \', \'1996-05-18\', \'Mutasi\', \'$2y$10$QFap6Nyx7Dopvcpu92wsEebOOk2oU9nmEsavDoHuYBpDbF1NGpSB2\', \'Belum Lengkap\', \'2025-07-24 15:10:31\', \'2025-07-24 15:10:31\')')
 3 SYSTEMPATH/Database/BaseConnection.php(636): CodeIgniter\Database\BaseConnection->simpleQuery('INSERT INTO `ppdb` (`nisn`, `nama_lengkap`, `no_telp`, `tempat_lahir`, `tanggal_lahir`, `jalur_pendaftaran`, `password`, `status`, `created_at`, `updated_at`) VALUES (\'3\', \'Enim dolor est dolo\', \'85\', \'Ullam sit Nam enim \', \'1996-05-18\', \'Mutasi\', \'$2y$10$QFap6Nyx7Dopvcpu92wsEebOOk2oU9nmEsavDoHuYBpDbF1NGpSB2\', \'Belum Lengkap\', \'2025-07-24 15:10:31\', \'2025-07-24 15:10:31\')')
 4 SYSTEMPATH/Database/BaseBuilder.php(2325): CodeIgniter\Database\BaseConnection->query('INSERT INTO `ppdb` (`nisn`, `nama_lengkap`, `no_telp`, `tempat_lahir`, `tanggal_lahir`, `jalur_pendaftaran`, `password`, `status`, `created_at`, `updated_at`) VALUES (:nisn:, :nama_lengkap:, :no_telp:, :tempat_lahir:, :tanggal_lahir:, :jalur_pendaftaran:, :password:, :status:, :created_at:, :updated_at:)', [...], false)
 5 SYSTEMPATH/Model.php(383): CodeIgniter\Database\BaseBuilder->insert()
 6 SYSTEMPATH/BaseModel.php(840): CodeIgniter\Model->doInsert([...])
 7 SYSTEMPATH/Model.php(791): CodeIgniter\BaseModel->insert([...], false)
 8 SYSTEMPATH/BaseModel.php(751): CodeIgniter\Model->insert([...], false)
 9 APPPATH/Controllers/PpdbController.php(40): CodeIgniter\BaseModel->save([...])
10 SYSTEMPATH/CodeIgniter.php(933): App\Controllers\PpdbController->create()
11 SYSTEMPATH/CodeIgniter.php(509): CodeIgniter\CodeIgniter->runController(Object(App\Controllers\PpdbController))
12 SYSTEMPATH/CodeIgniter.php(355): CodeIgniter\CodeIgniter->handleRequest(null, Object(Config\Cache), false)
13 SYSTEMPATH/Boot.php(312): CodeIgniter\CodeIgniter->run()
14 SYSTEMPATH/Boot.php(67): CodeIgniter\Boot::runCodeIgniter(Object(CodeIgniter\CodeIgniter))
15 FCPATH/index.php(56): CodeIgniter\Boot::bootWeb(Object(Config\Paths))
16 SYSTEMPATH/Commands/Server/rewrite.php(49): require_once('/Applications/XAMPP/xamppfiles/htdocs/ppdb-rancah/public/index.php')
